{"D:\\inzynierka-8.09\\inzynierka -front\\src\\pages\\Dioda10Button.tsx": {"path":"D:\\inzynierka-8.09\\inzynierka -front\\src\\pages\\Dioda10Button.tsx","statementMap":{"0":{"start":{"line":1,"column":0},"end":{"line":1,"column":51}},"1":{"start":{"line":2,"column":0},"end":{"line":2,"column":39}},"2":{"start":{"line":3,"column":0},"end":{"line":3,"column":27}},"3":{"start":{"line":4,"column":0},"end":{"line":4,"column":48}},"4":{"start":{"line":5,"column":0},"end":{"line":5,"column":40}},"5":{"start":{"line":13,"column":48},"end":{"line":19,"column":null}},"6":{"start":{"line":14,"column":2},"end":{"line":18,"column":null}},"7":{"start":{"line":22,"column":52},"end":{"line":208,"column":1}},"8":{"start":{"line":23,"column":46},"end":{"line":23,"column":61}},"9":{"start":{"line":24,"column":38},"end":{"line":24,"column":50}},"10":{"start":{"line":25,"column":48},"end":{"line":25,"column":63}},"11":{"start":{"line":27,"column":20},"end":{"line":29,"column":3}},"12":{"start":{"line":28,"column":4},"end":{"line":28,"column":28}},"13":{"start":{"line":31,"column":20},"end":{"line":33,"column":3}},"14":{"start":{"line":32,"column":4},"end":{"line":32,"column":29}},"15":{"start":{"line":35,"column":2},"end":{"line":39,"column":36}},"16":{"start":{"line":36,"column":4},"end":{"line":38,"column":null}},"17":{"start":{"line":37,"column":6},"end":{"line":37,"column":36}},"18":{"start":{"line":41,"column":29},"end":{"line":48,"column":3}},"19":{"start":{"line":42,"column":4},"end":{"line":47,"column":null}},"20":{"start":{"line":43,"column":20},"end":{"line":43,"column":53}},"21":{"start":{"line":44,"column":19},"end":{"line":44,"column":39}},"22":{"start":{"line":45,"column":6},"end":{"line":45,"column":27}},"23":{"start":{"line":46,"column":6},"end":{"line":46,"column":32}},"24":{"start":{"line":50,"column":28},"end":{"line":64,"column":3}},"25":{"start":{"line":51,"column":4},"end":{"line":51,"column":37}},"26":{"start":{"line":52,"column":4},"end":{"line":63,"column":null}},"27":{"start":{"line":53,"column":6},"end":{"line":53,"column":23}},"28":{"start":{"line":54,"column":6},"end":{"line":54,"column":31}},"29":{"start":{"line":57,"column":6},"end":{"line":59,"column":null}},"30":{"start":{"line":58,"column":8},"end":{"line":58,"column":38}},"31":{"start":{"line":60,"column":6},"end":{"line":60,"column":23}},"32":{"start":{"line":61,"column":6},"end":{"line":61,"column":32}},"33":{"start":{"line":62,"column":6},"end":{"line":62,"column":27}},"34":{"start":{"line":66,"column":29},"end":{"line":68,"column":3}},"35":{"start":{"line":67,"column":4},"end":{"line":67,"column":41}},"36":{"start":{"line":70,"column":42},"end":{"line":82,"column":4}},"37":{"start":{"line":84,"column":42},"end":{"line":86,"column":4}},"38":{"start":{"line":88,"column":46},"end":{"line":94,"column":4}},"39":{"start":{"line":96,"column":49},"end":{"line":107,"column":4}},"40":{"start":{"line":109,"column":52},"end":{"line":120,"column":4}},"41":{"start":{"line":122,"column":49},"end":{"line":128,"column":4}},"42":{"start":{"line":130,"column":23},"end":{"line":147,"column":4}},"43":{"start":{"line":149,"column":49},"end":{"line":159,"column":4}},"44":{"start":{"line":161,"column":2},"end":{"line":207,"column":4}},"45":{"start":{"line":210,"column":0},"end":{"line":210,"column":29}}},"fnMap":{"0":{"name":"(anonymous_0)","decl":{"start":{"line":13,"column":48},"end":{"line":13,"column":49}},"loc":{"start":{"line":14,"column":2},"end":{"line":18,"column":null}}},"1":{"name":"(anonymous_1)","decl":{"start":{"line":22,"column":52},"end":{"line":22,"column":53}},"loc":{"start":{"line":22,"column":111},"end":{"line":208,"column":1}}},"2":{"name":"(anonymous_2)","decl":{"start":{"line":27,"column":20},"end":{"line":27,"column":23}},"loc":{"start":{"line":27,"column":25},"end":{"line":29,"column":3}}},"3":{"name":"(anonymous_3)","decl":{"start":{"line":31,"column":20},"end":{"line":31,"column":23}},"loc":{"start":{"line":31,"column":25},"end":{"line":33,"column":3}}},"4":{"name":"(anonymous_4)","decl":{"start":{"line":35,"column":12},"end":{"line":35,"column":15}},"loc":{"start":{"line":35,"column":17},"end":{"line":39,"column":3}}},"5":{"name":"(anonymous_5)","decl":{"start":{"line":41,"column":29},"end":{"line":41,"column":30}},"loc":{"start":{"line":41,"column":52},"end":{"line":48,"column":3}}},"6":{"name":"(anonymous_6)","decl":{"start":{"line":50,"column":28},"end":{"line":50,"column":31}},"loc":{"start":{"line":50,"column":33},"end":{"line":64,"column":3}}},"7":{"name":"(anonymous_7)","decl":{"start":{"line":66,"column":29},"end":{"line":66,"column":32}},"loc":{"start":{"line":66,"column":34},"end":{"line":68,"column":3}}}},"branchMap":{"0":{"loc":{"start":{"line":16,"column":7},"end":{"line":16,"column":49}},"type":"cond-expr","locations":[{"start":{"line":16,"column":20},"end":{"line":16,"column":24}},{"start":{"line":16,"column":27},"end":{"line":16,"column":49}}]},"1":{"loc":{"start":{"line":16,"column":27},"end":{"line":16,"column":49}},"type":"cond-expr","locations":[{"start":{"line":16,"column":41},"end":{"line":16,"column":44}},{"start":{"line":16,"column":47},"end":{"line":16,"column":49}}]},"2":{"loc":{"start":{"line":36,"column":4},"end":{"line":38,"column":null}},"type":"if","locations":[{"start":{"line":36,"column":4},"end":{"line":38,"column":null}}]},"3":{"loc":{"start":{"line":36,"column":8},"end":{"line":36,"column":40}},"type":"binary-expr","locations":[{"start":{"line":36,"column":8},"end":{"line":36,"column":21}},{"start":{"line":36,"column":25},"end":{"line":36,"column":40}}]},"4":{"loc":{"start":{"line":42,"column":4},"end":{"line":47,"column":null}},"type":"if","locations":[{"start":{"line":42,"column":4},"end":{"line":47,"column":null}}]},"5":{"loc":{"start":{"line":52,"column":4},"end":{"line":63,"column":null}},"type":"if","locations":[{"start":{"line":52,"column":4},"end":{"line":63,"column":null}},{"start":{"line":56,"column":11},"end":{"line":63,"column":null}}]},"6":{"loc":{"start":{"line":57,"column":6},"end":{"line":59,"column":null}},"type":"if","locations":[{"start":{"line":57,"column":6},"end":{"line":59,"column":null}}]},"7":{"loc":{"start":{"line":105,"column":16},"end":{"line":105,"column":48}},"type":"cond-expr","locations":[{"start":{"line":105,"column":34},"end":{"line":105,"column":40}},{"start":{"line":105,"column":43},"end":{"line":105,"column":48}}]},"8":{"loc":{"start":{"line":117,"column":21},"end":{"line":117,"column":54}},"type":"cond-expr","locations":[{"start":{"line":117,"column":39},"end":{"line":117,"column":46}},{"start":{"line":117,"column":49},"end":{"line":117,"column":54}}]},"9":{"loc":{"start":{"line":132,"column":23},"end":{"line":132,"column":62}},"type":"cond-expr","locations":[{"start":{"line":132,"column":41},"end":{"line":132,"column":50}},{"start":{"line":132,"column":53},"end":{"line":132,"column":62}}]},"10":{"loc":{"start":{"line":157,"column":16},"end":{"line":157,"column":55}},"type":"cond-expr","locations":[{"start":{"line":157,"column":34},"end":{"line":157,"column":43}},{"start":{"line":157,"column":46},"end":{"line":157,"column":55}}]},"11":{"loc":{"start":{"line":170,"column":7},"end":{"line":204,"column":null}},"type":"binary-expr","locations":[{"start":{"line":170,"column":7},"end":{"line":170,"column":21}},{"start":{"line":171,"column":8},"end":{"line":203,"column":null}}]}},"s":{"0":1,"1":1,"2":1,"3":1,"4":1,"5":1,"6":0,"7":1,"8":2,"9":2,"10":2,"11":2,"12":0,"13":2,"14":0,"15":2,"16":1,"17":0,"18":2,"19":0,"20":0,"21":0,"22":0,"23":0,"24":2,"25":0,"26":0,"27":0,"28":0,"29":0,"30":0,"31":0,"32":0,"33":0,"34":2,"35":0,"36":2,"37":2,"38":2,"39":2,"40":2,"41":2,"42":2,"43":2,"44":2,"45":1},"f":{"0":0,"1":2,"2":0,"3":0,"4":1,"5":0,"6":0,"7":0},"b":{"0":[0,0],"1":[0,0],"2":[0],"3":[1,0],"4":[0],"5":[0,0],"6":[0],"7":[0,2],"8":[0,2],"9":[0,2],"10":[0,2],"11":[2,0]}}
,"D:\\inzynierka-8.09\\inzynierka -front\\src\\pages\\Dioda11Button.tsx": {"path":"D:\\inzynierka-8.09\\inzynierka -front\\src\\pages\\Dioda11Button.tsx","statementMap":{"0":{"start":{"line":1,"column":0},"end":{"line":1,"column":51}},"1":{"start":{"line":2,"column":0},"end":{"line":2,"column":39}},"2":{"start":{"line":3,"column":0},"end":{"line":3,"column":27}},"3":{"start":{"line":4,"column":0},"end":{"line":4,"column":48}},"4":{"start":{"line":5,"column":0},"end":{"line":5,"column":40}},"5":{"start":{"line":17,"column":48},"end":{"line":23,"column":null}},"6":{"start":{"line":18,"column":2},"end":{"line":22,"column":null}},"7":{"start":{"line":26,"column":52},"end":{"line":235,"column":1}},"8":{"start":{"line":27,"column":46},"end":{"line":27,"column":61}},"9":{"start":{"line":28,"column":42},"end":{"line":28,"column":61}},"10":{"start":{"line":29,"column":48},"end":{"line":29,"column":63}},"11":{"start":{"line":31,"column":20},"end":{"line":33,"column":3}},"12":{"start":{"line":32,"column":4},"end":{"line":32,"column":28}},"13":{"start":{"line":35,"column":20},"end":{"line":37,"column":3}},"14":{"start":{"line":36,"column":4},"end":{"line":36,"column":29}},"15":{"start":{"line":39,"column":2},"end":{"line":43,"column":38}},"16":{"start":{"line":40,"column":4},"end":{"line":42,"column":null}},"17":{"start":{"line":41,"column":6},"end":{"line":41,"column":38}},"18":{"start":{"line":45,"column":35},"end":{"line":50,"column":3}},"19":{"start":{"line":46,"column":4},"end":{"line":49,"column":null}},"20":{"start":{"line":47,"column":20},"end":{"line":47,"column":51}},"21":{"start":{"line":48,"column":6},"end":{"line":48,"column":29}},"22":{"start":{"line":52,"column":28},"end":{"line":65,"column":3}},"23":{"start":{"line":53,"column":4},"end":{"line":53,"column":37}},"24":{"start":{"line":54,"column":4},"end":{"line":64,"column":null}},"25":{"start":{"line":56,"column":6},"end":{"line":56,"column":31}},"26":{"start":{"line":59,"column":6},"end":{"line":61,"column":null}},"27":{"start":{"line":60,"column":8},"end":{"line":60,"column":40}},"28":{"start":{"line":62,"column":6},"end":{"line":62,"column":32}},"29":{"start":{"line":63,"column":6},"end":{"line":63,"column":27}},"30":{"start":{"line":67,"column":29},"end":{"line":69,"column":3}},"31":{"start":{"line":68,"column":4},"end":{"line":68,"column":41}},"32":{"start":{"line":72,"column":33},"end":{"line":74,"column":3}},"33":{"start":{"line":73,"column":4},"end":{"line":73,"column":41}},"34":{"start":{"line":76,"column":42},"end":{"line":88,"column":4}},"35":{"start":{"line":90,"column":42},"end":{"line":92,"column":4}},"36":{"start":{"line":94,"column":46},"end":{"line":100,"column":4}},"37":{"start":{"line":102,"column":49},"end":{"line":108,"column":4}},"38":{"start":{"line":110,"column":47},"end":{"line":116,"column":4}},"39":{"start":{"line":118,"column":48},"end":{"line":122,"column":4}},"40":{"start":{"line":124,"column":23},"end":{"line":141,"column":4}},"41":{"start":{"line":143,"column":49},"end":{"line":154,"column":4}},"42":{"start":{"line":156,"column":52},"end":{"line":167,"column":4}},"43":{"start":{"line":169,"column":49},"end":{"line":179,"column":4}},"44":{"start":{"line":181,"column":2},"end":{"line":234,"column":4}},"45":{"start":{"line":236,"column":0},"end":{"line":236,"column":29}},"46":{"start":{"line":238,"column":2},"end":{"line":238,"column":47}}},"fnMap":{"0":{"name":"(anonymous_0)","decl":{"start":{"line":17,"column":48},"end":{"line":17,"column":49}},"loc":{"start":{"line":18,"column":2},"end":{"line":22,"column":null}}},"1":{"name":"(anonymous_1)","decl":{"start":{"line":26,"column":52},"end":{"line":26,"column":53}},"loc":{"start":{"line":26,"column":129},"end":{"line":235,"column":1}}},"2":{"name":"(anonymous_2)","decl":{"start":{"line":31,"column":20},"end":{"line":31,"column":23}},"loc":{"start":{"line":31,"column":25},"end":{"line":33,"column":3}}},"3":{"name":"(anonymous_3)","decl":{"start":{"line":35,"column":20},"end":{"line":35,"column":23}},"loc":{"start":{"line":35,"column":25},"end":{"line":37,"column":3}}},"4":{"name":"(anonymous_4)","decl":{"start":{"line":39,"column":12},"end":{"line":39,"column":15}},"loc":{"start":{"line":39,"column":17},"end":{"line":43,"column":3}}},"5":{"name":"(anonymous_5)","decl":{"start":{"line":45,"column":35},"end":{"line":45,"column":36}},"loc":{"start":{"line":45,"column":58},"end":{"line":50,"column":3}}},"6":{"name":"(anonymous_6)","decl":{"start":{"line":52,"column":28},"end":{"line":52,"column":31}},"loc":{"start":{"line":52,"column":33},"end":{"line":65,"column":3}}},"7":{"name":"(anonymous_7)","decl":{"start":{"line":67,"column":29},"end":{"line":67,"column":32}},"loc":{"start":{"line":67,"column":34},"end":{"line":69,"column":3}}},"8":{"name":"(anonymous_8)","decl":{"start":{"line":72,"column":33},"end":{"line":72,"column":36}},"loc":{"start":{"line":72,"column":38},"end":{"line":74,"column":3}}},"9":{"name":"updatePumpData","decl":{"start":{"line":237,"column":9},"end":{"line":237,"column":23}},"loc":{"start":{"line":237,"column":48},"end":{"line":239,"column":1}}}},"branchMap":{"0":{"loc":{"start":{"line":20,"column":7},"end":{"line":20,"column":49}},"type":"cond-expr","locations":[{"start":{"line":20,"column":20},"end":{"line":20,"column":24}},{"start":{"line":20,"column":27},"end":{"line":20,"column":49}}]},"1":{"loc":{"start":{"line":20,"column":27},"end":{"line":20,"column":49}},"type":"cond-expr","locations":[{"start":{"line":20,"column":41},"end":{"line":20,"column":44}},{"start":{"line":20,"column":47},"end":{"line":20,"column":49}}]},"2":{"loc":{"start":{"line":40,"column":4},"end":{"line":42,"column":null}},"type":"if","locations":[{"start":{"line":40,"column":4},"end":{"line":42,"column":null}}]},"3":{"loc":{"start":{"line":40,"column":8},"end":{"line":40,"column":40}},"type":"binary-expr","locations":[{"start":{"line":40,"column":8},"end":{"line":40,"column":21}},{"start":{"line":40,"column":25},"end":{"line":40,"column":40}}]},"4":{"loc":{"start":{"line":46,"column":4},"end":{"line":49,"column":null}},"type":"if","locations":[{"start":{"line":46,"column":4},"end":{"line":49,"column":null}}]},"5":{"loc":{"start":{"line":54,"column":4},"end":{"line":64,"column":null}},"type":"if","locations":[{"start":{"line":54,"column":4},"end":{"line":64,"column":null}},{"start":{"line":58,"column":11},"end":{"line":64,"column":null}}]},"6":{"loc":{"start":{"line":59,"column":6},"end":{"line":61,"column":null}},"type":"if","locations":[{"start":{"line":59,"column":6},"end":{"line":61,"column":null}}]},"7":{"loc":{"start":{"line":115,"column":21},"end":{"line":115,"column":52}},"type":"cond-expr","locations":[{"start":{"line":115,"column":37},"end":{"line":115,"column":44}},{"start":{"line":115,"column":47},"end":{"line":115,"column":52}}]},"8":{"loc":{"start":{"line":126,"column":23},"end":{"line":126,"column":62}},"type":"cond-expr","locations":[{"start":{"line":126,"column":41},"end":{"line":126,"column":50}},{"start":{"line":126,"column":53},"end":{"line":126,"column":62}}]},"9":{"loc":{"start":{"line":152,"column":16},"end":{"line":152,"column":48}},"type":"cond-expr","locations":[{"start":{"line":152,"column":34},"end":{"line":152,"column":40}},{"start":{"line":152,"column":43},"end":{"line":152,"column":48}}]},"10":{"loc":{"start":{"line":164,"column":21},"end":{"line":164,"column":54}},"type":"cond-expr","locations":[{"start":{"line":164,"column":39},"end":{"line":164,"column":46}},{"start":{"line":164,"column":49},"end":{"line":164,"column":54}}]},"11":{"loc":{"start":{"line":177,"column":16},"end":{"line":177,"column":55}},"type":"cond-expr","locations":[{"start":{"line":177,"column":34},"end":{"line":177,"column":43}},{"start":{"line":177,"column":46},"end":{"line":177,"column":55}}]},"12":{"loc":{"start":{"line":190,"column":7},"end":{"line":231,"column":null}},"type":"binary-expr","locations":[{"start":{"line":190,"column":7},"end":{"line":190,"column":21}},{"start":{"line":191,"column":8},"end":{"line":230,"column":null}}]},"13":{"loc":{"start":{"line":200,"column":17},"end":{"line":200,"column":63}},"type":"cond-expr","locations":[{"start":{"line":200,"column":33},"end":{"line":200,"column":47}},{"start":{"line":200,"column":50},"end":{"line":200,"column":63}}]},"14":{"loc":{"start":{"line":205,"column":19},"end":{"line":205,"column":71}},"type":"cond-expr","locations":[{"start":{"line":205,"column":35},"end":{"line":205,"column":50}},{"start":{"line":205,"column":53},"end":{"line":205,"column":71}}]},"15":{"loc":{"start":{"line":219,"column":15},"end":{"line":227,"column":null}},"type":"binary-expr","locations":[{"start":{"line":219,"column":15},"end":{"line":219,"column":28}},{"start":{"line":220,"column":16},"end":{"line":226,"column":null}}]}},"s":{"0":1,"1":1,"2":1,"3":1,"4":1,"5":1,"6":0,"7":1,"8":2,"9":2,"10":2,"11":2,"12":0,"13":2,"14":0,"15":2,"16":1,"17":0,"18":2,"19":0,"20":0,"21":0,"22":2,"23":0,"24":0,"25":0,"26":0,"27":0,"28":0,"29":0,"30":2,"31":0,"32":2,"33":0,"34":2,"35":2,"36":2,"37":2,"38":2,"39":2,"40":2,"41":2,"42":2,"43":2,"44":2,"45":1,"46":0},"f":{"0":0,"1":2,"2":0,"3":0,"4":1,"5":0,"6":0,"7":0,"8":0,"9":0},"b":{"0":[0,0],"1":[0,0],"2":[0],"3":[1,0],"4":[0],"5":[0,0],"6":[0],"7":[0,2],"8":[0,2],"9":[0,2],"10":[0,2],"11":[0,2],"12":[2,0],"13":[0,0],"14":[0,0],"15":[0,0]}}
,"D:\\inzynierka-8.09\\inzynierka -front\\src\\pages\\Dioda12Button.tsx": {"path":"D:\\inzynierka-8.09\\inzynierka -front\\src\\pages\\Dioda12Button.tsx","statementMap":{"0":{"start":{"line":1,"column":0},"end":{"line":1,"column":51}},"1":{"start":{"line":2,"column":0},"end":{"line":2,"column":39}},"2":{"start":{"line":3,"column":0},"end":{"line":3,"column":27}},"3":{"start":{"line":4,"column":0},"end":{"line":4,"column":48}},"4":{"start":{"line":5,"column":0},"end":{"line":5,"column":40}},"5":{"start":{"line":17,"column":48},"end":{"line":23,"column":null}},"6":{"start":{"line":18,"column":2},"end":{"line":22,"column":null}},"7":{"start":{"line":26,"column":52},"end":{"line":235,"column":1}},"8":{"start":{"line":27,"column":46},"end":{"line":27,"column":61}},"9":{"start":{"line":28,"column":42},"end":{"line":28,"column":61}},"10":{"start":{"line":29,"column":48},"end":{"line":29,"column":63}},"11":{"start":{"line":31,"column":20},"end":{"line":33,"column":3}},"12":{"start":{"line":32,"column":4},"end":{"line":32,"column":28}},"13":{"start":{"line":35,"column":20},"end":{"line":37,"column":3}},"14":{"start":{"line":36,"column":4},"end":{"line":36,"column":29}},"15":{"start":{"line":39,"column":2},"end":{"line":43,"column":38}},"16":{"start":{"line":40,"column":4},"end":{"line":42,"column":null}},"17":{"start":{"line":41,"column":6},"end":{"line":41,"column":38}},"18":{"start":{"line":45,"column":35},"end":{"line":50,"column":3}},"19":{"start":{"line":46,"column":4},"end":{"line":49,"column":null}},"20":{"start":{"line":47,"column":20},"end":{"line":47,"column":51}},"21":{"start":{"line":48,"column":6},"end":{"line":48,"column":29}},"22":{"start":{"line":52,"column":28},"end":{"line":65,"column":3}},"23":{"start":{"line":53,"column":4},"end":{"line":53,"column":37}},"24":{"start":{"line":54,"column":4},"end":{"line":64,"column":null}},"25":{"start":{"line":56,"column":6},"end":{"line":56,"column":31}},"26":{"start":{"line":59,"column":6},"end":{"line":61,"column":null}},"27":{"start":{"line":60,"column":8},"end":{"line":60,"column":40}},"28":{"start":{"line":62,"column":6},"end":{"line":62,"column":32}},"29":{"start":{"line":63,"column":6},"end":{"line":63,"column":27}},"30":{"start":{"line":67,"column":29},"end":{"line":69,"column":3}},"31":{"start":{"line":68,"column":4},"end":{"line":68,"column":41}},"32":{"start":{"line":72,"column":33},"end":{"line":74,"column":3}},"33":{"start":{"line":73,"column":4},"end":{"line":73,"column":41}},"34":{"start":{"line":76,"column":42},"end":{"line":88,"column":4}},"35":{"start":{"line":90,"column":42},"end":{"line":92,"column":4}},"36":{"start":{"line":94,"column":46},"end":{"line":100,"column":4}},"37":{"start":{"line":102,"column":49},"end":{"line":108,"column":4}},"38":{"start":{"line":110,"column":47},"end":{"line":116,"column":4}},"39":{"start":{"line":118,"column":48},"end":{"line":122,"column":4}},"40":{"start":{"line":124,"column":23},"end":{"line":141,"column":4}},"41":{"start":{"line":143,"column":49},"end":{"line":154,"column":4}},"42":{"start":{"line":156,"column":52},"end":{"line":167,"column":4}},"43":{"start":{"line":169,"column":49},"end":{"line":179,"column":4}},"44":{"start":{"line":181,"column":2},"end":{"line":234,"column":4}},"45":{"start":{"line":236,"column":0},"end":{"line":236,"column":29}},"46":{"start":{"line":238,"column":2},"end":{"line":238,"column":47}}},"fnMap":{"0":{"name":"(anonymous_0)","decl":{"start":{"line":17,"column":48},"end":{"line":17,"column":49}},"loc":{"start":{"line":18,"column":2},"end":{"line":22,"column":null}}},"1":{"name":"(anonymous_1)","decl":{"start":{"line":26,"column":52},"end":{"line":26,"column":53}},"loc":{"start":{"line":26,"column":129},"end":{"line":235,"column":1}}},"2":{"name":"(anonymous_2)","decl":{"start":{"line":31,"column":20},"end":{"line":31,"column":23}},"loc":{"start":{"line":31,"column":25},"end":{"line":33,"column":3}}},"3":{"name":"(anonymous_3)","decl":{"start":{"line":35,"column":20},"end":{"line":35,"column":23}},"loc":{"start":{"line":35,"column":25},"end":{"line":37,"column":3}}},"4":{"name":"(anonymous_4)","decl":{"start":{"line":39,"column":12},"end":{"line":39,"column":15}},"loc":{"start":{"line":39,"column":17},"end":{"line":43,"column":3}}},"5":{"name":"(anonymous_5)","decl":{"start":{"line":45,"column":35},"end":{"line":45,"column":36}},"loc":{"start":{"line":45,"column":58},"end":{"line":50,"column":3}}},"6":{"name":"(anonymous_6)","decl":{"start":{"line":52,"column":28},"end":{"line":52,"column":31}},"loc":{"start":{"line":52,"column":33},"end":{"line":65,"column":3}}},"7":{"name":"(anonymous_7)","decl":{"start":{"line":67,"column":29},"end":{"line":67,"column":32}},"loc":{"start":{"line":67,"column":34},"end":{"line":69,"column":3}}},"8":{"name":"(anonymous_8)","decl":{"start":{"line":72,"column":33},"end":{"line":72,"column":36}},"loc":{"start":{"line":72,"column":38},"end":{"line":74,"column":3}}},"9":{"name":"updatePumpData","decl":{"start":{"line":237,"column":9},"end":{"line":237,"column":23}},"loc":{"start":{"line":237,"column":48},"end":{"line":239,"column":1}}}},"branchMap":{"0":{"loc":{"start":{"line":20,"column":7},"end":{"line":20,"column":49}},"type":"cond-expr","locations":[{"start":{"line":20,"column":20},"end":{"line":20,"column":24}},{"start":{"line":20,"column":27},"end":{"line":20,"column":49}}]},"1":{"loc":{"start":{"line":20,"column":27},"end":{"line":20,"column":49}},"type":"cond-expr","locations":[{"start":{"line":20,"column":41},"end":{"line":20,"column":44}},{"start":{"line":20,"column":47},"end":{"line":20,"column":49}}]},"2":{"loc":{"start":{"line":40,"column":4},"end":{"line":42,"column":null}},"type":"if","locations":[{"start":{"line":40,"column":4},"end":{"line":42,"column":null}}]},"3":{"loc":{"start":{"line":40,"column":8},"end":{"line":40,"column":40}},"type":"binary-expr","locations":[{"start":{"line":40,"column":8},"end":{"line":40,"column":21}},{"start":{"line":40,"column":25},"end":{"line":40,"column":40}}]},"4":{"loc":{"start":{"line":46,"column":4},"end":{"line":49,"column":null}},"type":"if","locations":[{"start":{"line":46,"column":4},"end":{"line":49,"column":null}}]},"5":{"loc":{"start":{"line":54,"column":4},"end":{"line":64,"column":null}},"type":"if","locations":[{"start":{"line":54,"column":4},"end":{"line":64,"column":null}},{"start":{"line":58,"column":11},"end":{"line":64,"column":null}}]},"6":{"loc":{"start":{"line":59,"column":6},"end":{"line":61,"column":null}},"type":"if","locations":[{"start":{"line":59,"column":6},"end":{"line":61,"column":null}}]},"7":{"loc":{"start":{"line":115,"column":21},"end":{"line":115,"column":52}},"type":"cond-expr","locations":[{"start":{"line":115,"column":37},"end":{"line":115,"column":44}},{"start":{"line":115,"column":47},"end":{"line":115,"column":52}}]},"8":{"loc":{"start":{"line":126,"column":23},"end":{"line":126,"column":62}},"type":"cond-expr","locations":[{"start":{"line":126,"column":41},"end":{"line":126,"column":50}},{"start":{"line":126,"column":53},"end":{"line":126,"column":62}}]},"9":{"loc":{"start":{"line":152,"column":16},"end":{"line":152,"column":48}},"type":"cond-expr","locations":[{"start":{"line":152,"column":34},"end":{"line":152,"column":40}},{"start":{"line":152,"column":43},"end":{"line":152,"column":48}}]},"10":{"loc":{"start":{"line":164,"column":21},"end":{"line":164,"column":54}},"type":"cond-expr","locations":[{"start":{"line":164,"column":39},"end":{"line":164,"column":46}},{"start":{"line":164,"column":49},"end":{"line":164,"column":54}}]},"11":{"loc":{"start":{"line":177,"column":16},"end":{"line":177,"column":55}},"type":"cond-expr","locations":[{"start":{"line":177,"column":34},"end":{"line":177,"column":43}},{"start":{"line":177,"column":46},"end":{"line":177,"column":55}}]},"12":{"loc":{"start":{"line":190,"column":7},"end":{"line":231,"column":null}},"type":"binary-expr","locations":[{"start":{"line":190,"column":7},"end":{"line":190,"column":21}},{"start":{"line":191,"column":8},"end":{"line":230,"column":null}}]},"13":{"loc":{"start":{"line":200,"column":17},"end":{"line":200,"column":63}},"type":"cond-expr","locations":[{"start":{"line":200,"column":33},"end":{"line":200,"column":47}},{"start":{"line":200,"column":50},"end":{"line":200,"column":63}}]},"14":{"loc":{"start":{"line":205,"column":19},"end":{"line":205,"column":71}},"type":"cond-expr","locations":[{"start":{"line":205,"column":35},"end":{"line":205,"column":50}},{"start":{"line":205,"column":53},"end":{"line":205,"column":71}}]},"15":{"loc":{"start":{"line":219,"column":15},"end":{"line":227,"column":null}},"type":"binary-expr","locations":[{"start":{"line":219,"column":15},"end":{"line":219,"column":28}},{"start":{"line":220,"column":16},"end":{"line":226,"column":null}}]}},"s":{"0":1,"1":1,"2":1,"3":1,"4":1,"5":1,"6":0,"7":1,"8":2,"9":2,"10":2,"11":2,"12":0,"13":2,"14":0,"15":2,"16":1,"17":0,"18":2,"19":0,"20":0,"21":0,"22":2,"23":0,"24":0,"25":0,"26":0,"27":0,"28":0,"29":0,"30":2,"31":0,"32":2,"33":0,"34":2,"35":2,"36":2,"37":2,"38":2,"39":2,"40":2,"41":2,"42":2,"43":2,"44":2,"45":1,"46":0},"f":{"0":0,"1":2,"2":0,"3":0,"4":1,"5":0,"6":0,"7":0,"8":0,"9":0},"b":{"0":[0,0],"1":[0,0],"2":[0],"3":[1,0],"4":[0],"5":[0,0],"6":[0],"7":[0,2],"8":[0,2],"9":[0,2],"10":[0,2],"11":[0,2],"12":[2,0],"13":[0,0],"14":[0,0],"15":[0,0]}}
,"D:\\inzynierka-8.09\\inzynierka -front\\src\\pages\\Dioda13Button.tsx": {"path":"D:\\inzynierka-8.09\\inzynierka -front\\src\\pages\\Dioda13Button.tsx","statementMap":{"0":{"start":{"line":1,"column":0},"end":{"line":1,"column":51}},"1":{"start":{"line":2,"column":0},"end":{"line":2,"column":48}},"2":{"start":{"line":3,"column":0},"end":{"line":3,"column":40}},"3":{"start":{"line":4,"column":0},"end":{"line":4,"column":26}},"4":{"start":{"line":13,"column":48},"end":{"line":19,"column":null}},"5":{"start":{"line":14,"column":4},"end":{"line":18,"column":null}},"6":{"start":{"line":22,"column":52},"end":{"line":173,"column":1}},"7":{"start":{"line":23,"column":48},"end":{"line":23,"column":63}},"8":{"start":{"line":24,"column":40},"end":{"line":24,"column":52}},"9":{"start":{"line":25,"column":50},"end":{"line":25,"column":65}},"10":{"start":{"line":26,"column":22},"end":{"line":28,"column":7}},"11":{"start":{"line":27,"column":8},"end":{"line":27,"column":33}},"12":{"start":{"line":30,"column":33},"end":{"line":37,"column":7}},"13":{"start":{"line":31,"column":8},"end":{"line":36,"column":null}},"14":{"start":{"line":32,"column":24},"end":{"line":32,"column":57}},"15":{"start":{"line":33,"column":23},"end":{"line":33,"column":43}},"16":{"start":{"line":34,"column":10},"end":{"line":34,"column":31}},"17":{"start":{"line":35,"column":10},"end":{"line":35,"column":36}},"18":{"start":{"line":39,"column":32},"end":{"line":53,"column":7}},"19":{"start":{"line":40,"column":8},"end":{"line":40,"column":49}},"20":{"start":{"line":41,"column":8},"end":{"line":41,"column":41}},"21":{"start":{"line":42,"column":8},"end":{"line":52,"column":null}},"22":{"start":{"line":43,"column":10},"end":{"line":43,"column":27}},"23":{"start":{"line":44,"column":10},"end":{"line":44,"column":35}},"24":{"start":{"line":46,"column":10},"end":{"line":48,"column":null}},"25":{"start":{"line":47,"column":12},"end":{"line":47,"column":42}},"26":{"start":{"line":49,"column":10},"end":{"line":49,"column":27}},"27":{"start":{"line":50,"column":10},"end":{"line":50,"column":36}},"28":{"start":{"line":51,"column":10},"end":{"line":51,"column":31}},"29":{"start":{"line":55,"column":33},"end":{"line":57,"column":7}},"30":{"start":{"line":56,"column":8},"end":{"line":56,"column":45}},"31":{"start":{"line":59,"column":48},"end":{"line":65,"column":8}},"32":{"start":{"line":66,"column":46},"end":{"line":78,"column":8}},"33":{"start":{"line":79,"column":27},"end":{"line":96,"column":8}},"34":{"start":{"line":97,"column":56},"end":{"line":108,"column":8}},"35":{"start":{"line":109,"column":53},"end":{"line":120,"column":8}},"36":{"start":{"line":121,"column":24},"end":{"line":123,"column":7}},"37":{"start":{"line":122,"column":8},"end":{"line":122,"column":32}},"38":{"start":{"line":124,"column":46},"end":{"line":126,"column":8}},"39":{"start":{"line":128,"column":2},"end":{"line":172,"column":4}},"40":{"start":{"line":175,"column":0},"end":{"line":175,"column":29}}},"fnMap":{"0":{"name":"(anonymous_0)","decl":{"start":{"line":13,"column":48},"end":{"line":13,"column":49}},"loc":{"start":{"line":14,"column":4},"end":{"line":18,"column":null}}},"1":{"name":"(anonymous_1)","decl":{"start":{"line":22,"column":52},"end":{"line":22,"column":53}},"loc":{"start":{"line":22,"column":109},"end":{"line":173,"column":1}}},"2":{"name":"(anonymous_2)","decl":{"start":{"line":26,"column":22},"end":{"line":26,"column":25}},"loc":{"start":{"line":26,"column":27},"end":{"line":28,"column":7}}},"3":{"name":"(anonymous_3)","decl":{"start":{"line":30,"column":33},"end":{"line":30,"column":34}},"loc":{"start":{"line":30,"column":56},"end":{"line":37,"column":7}}},"4":{"name":"(anonymous_4)","decl":{"start":{"line":39,"column":32},"end":{"line":39,"column":35}},"loc":{"start":{"line":39,"column":37},"end":{"line":53,"column":7}}},"5":{"name":"(anonymous_5)","decl":{"start":{"line":55,"column":33},"end":{"line":55,"column":36}},"loc":{"start":{"line":55,"column":38},"end":{"line":57,"column":7}}},"6":{"name":"(anonymous_6)","decl":{"start":{"line":121,"column":24},"end":{"line":121,"column":27}},"loc":{"start":{"line":121,"column":29},"end":{"line":123,"column":7}}}},"branchMap":{"0":{"loc":{"start":{"line":16,"column":9},"end":{"line":16,"column":51}},"type":"cond-expr","locations":[{"start":{"line":16,"column":22},"end":{"line":16,"column":26}},{"start":{"line":16,"column":29},"end":{"line":16,"column":51}}]},"1":{"loc":{"start":{"line":16,"column":29},"end":{"line":16,"column":51}},"type":"cond-expr","locations":[{"start":{"line":16,"column":43},"end":{"line":16,"column":46}},{"start":{"line":16,"column":49},"end":{"line":16,"column":51}}]},"2":{"loc":{"start":{"line":31,"column":8},"end":{"line":36,"column":null}},"type":"if","locations":[{"start":{"line":31,"column":8},"end":{"line":36,"column":null}}]},"3":{"loc":{"start":{"line":42,"column":8},"end":{"line":52,"column":null}},"type":"if","locations":[{"start":{"line":42,"column":8},"end":{"line":52,"column":null}},{"start":{"line":45,"column":15},"end":{"line":52,"column":null}}]},"4":{"loc":{"start":{"line":46,"column":10},"end":{"line":48,"column":null}},"type":"if","locations":[{"start":{"line":46,"column":10},"end":{"line":48,"column":null}}]},"5":{"loc":{"start":{"line":81,"column":27},"end":{"line":81,"column":66}},"type":"cond-expr","locations":[{"start":{"line":81,"column":45},"end":{"line":81,"column":54}},{"start":{"line":81,"column":57},"end":{"line":81,"column":66}}]},"6":{"loc":{"start":{"line":105,"column":25},"end":{"line":105,"column":58}},"type":"cond-expr","locations":[{"start":{"line":105,"column":43},"end":{"line":105,"column":50}},{"start":{"line":105,"column":53},"end":{"line":105,"column":58}}]},"7":{"loc":{"start":{"line":118,"column":20},"end":{"line":118,"column":52}},"type":"cond-expr","locations":[{"start":{"line":118,"column":38},"end":{"line":118,"column":44}},{"start":{"line":118,"column":47},"end":{"line":118,"column":52}}]},"8":{"loc":{"start":{"line":134,"column":3},"end":{"line":168,"column":null}},"type":"binary-expr","locations":[{"start":{"line":134,"column":3},"end":{"line":134,"column":17}},{"start":{"line":135,"column":4},"end":{"line":167,"column":null}}]}},"s":{"0":3,"1":3,"2":3,"3":3,"4":3,"5":0,"6":3,"7":1,"8":1,"9":1,"10":1,"11":0,"12":1,"13":0,"14":0,"15":0,"16":0,"17":0,"18":1,"19":0,"20":0,"21":0,"22":0,"23":0,"24":0,"25":0,"26":0,"27":0,"28":0,"29":1,"30":0,"31":1,"32":1,"33":1,"34":1,"35":1,"36":1,"37":0,"38":1,"39":1,"40":3},"f":{"0":0,"1":1,"2":0,"3":0,"4":0,"5":0,"6":0},"b":{"0":[0,0],"1":[0,0],"2":[0],"3":[0,0],"4":[0],"5":[0,1],"6":[0,1],"7":[0,1],"8":[1,0]}}
,"D:\\inzynierka-8.09\\inzynierka -front\\src\\pages\\Dioda14Button.tsx": {"path":"D:\\inzynierka-8.09\\inzynierka -front\\src\\pages\\Dioda14Button.tsx","statementMap":{"0":{"start":{"line":1,"column":0},"end":{"line":1,"column":51}},"1":{"start":{"line":2,"column":0},"end":{"line":2,"column":48}},"2":{"start":{"line":3,"column":0},"end":{"line":3,"column":40}},"3":{"start":{"line":4,"column":0},"end":{"line":4,"column":26}},"4":{"start":{"line":13,"column":48},"end":{"line":19,"column":null}},"5":{"start":{"line":14,"column":4},"end":{"line":18,"column":null}},"6":{"start":{"line":22,"column":52},"end":{"line":173,"column":1}},"7":{"start":{"line":23,"column":48},"end":{"line":23,"column":63}},"8":{"start":{"line":24,"column":40},"end":{"line":24,"column":52}},"9":{"start":{"line":25,"column":50},"end":{"line":25,"column":65}},"10":{"start":{"line":26,"column":22},"end":{"line":28,"column":7}},"11":{"start":{"line":27,"column":8},"end":{"line":27,"column":33}},"12":{"start":{"line":30,"column":33},"end":{"line":37,"column":7}},"13":{"start":{"line":31,"column":8},"end":{"line":36,"column":null}},"14":{"start":{"line":32,"column":24},"end":{"line":32,"column":57}},"15":{"start":{"line":33,"column":23},"end":{"line":33,"column":43}},"16":{"start":{"line":34,"column":10},"end":{"line":34,"column":31}},"17":{"start":{"line":35,"column":10},"end":{"line":35,"column":37}},"18":{"start":{"line":39,"column":32},"end":{"line":53,"column":7}},"19":{"start":{"line":40,"column":8},"end":{"line":40,"column":49}},"20":{"start":{"line":41,"column":8},"end":{"line":41,"column":43}},"21":{"start":{"line":42,"column":8},"end":{"line":52,"column":null}},"22":{"start":{"line":43,"column":10},"end":{"line":43,"column":27}},"23":{"start":{"line":44,"column":10},"end":{"line":44,"column":35}},"24":{"start":{"line":46,"column":10},"end":{"line":48,"column":null}},"25":{"start":{"line":47,"column":12},"end":{"line":47,"column":43}},"26":{"start":{"line":49,"column":10},"end":{"line":49,"column":27}},"27":{"start":{"line":50,"column":10},"end":{"line":50,"column":36}},"28":{"start":{"line":51,"column":10},"end":{"line":51,"column":32}},"29":{"start":{"line":55,"column":33},"end":{"line":57,"column":7}},"30":{"start":{"line":56,"column":8},"end":{"line":56,"column":45}},"31":{"start":{"line":59,"column":48},"end":{"line":65,"column":8}},"32":{"start":{"line":66,"column":46},"end":{"line":78,"column":8}},"33":{"start":{"line":79,"column":27},"end":{"line":96,"column":8}},"34":{"start":{"line":97,"column":56},"end":{"line":108,"column":8}},"35":{"start":{"line":109,"column":53},"end":{"line":120,"column":8}},"36":{"start":{"line":121,"column":24},"end":{"line":123,"column":7}},"37":{"start":{"line":122,"column":8},"end":{"line":122,"column":32}},"38":{"start":{"line":124,"column":46},"end":{"line":126,"column":8}},"39":{"start":{"line":128,"column":2},"end":{"line":172,"column":4}},"40":{"start":{"line":175,"column":0},"end":{"line":175,"column":29}}},"fnMap":{"0":{"name":"(anonymous_0)","decl":{"start":{"line":13,"column":48},"end":{"line":13,"column":49}},"loc":{"start":{"line":14,"column":4},"end":{"line":18,"column":null}}},"1":{"name":"(anonymous_1)","decl":{"start":{"line":22,"column":52},"end":{"line":22,"column":53}},"loc":{"start":{"line":22,"column":112},"end":{"line":173,"column":1}}},"2":{"name":"(anonymous_2)","decl":{"start":{"line":26,"column":22},"end":{"line":26,"column":25}},"loc":{"start":{"line":26,"column":27},"end":{"line":28,"column":7}}},"3":{"name":"(anonymous_3)","decl":{"start":{"line":30,"column":33},"end":{"line":30,"column":34}},"loc":{"start":{"line":30,"column":56},"end":{"line":37,"column":7}}},"4":{"name":"(anonymous_4)","decl":{"start":{"line":39,"column":32},"end":{"line":39,"column":35}},"loc":{"start":{"line":39,"column":37},"end":{"line":53,"column":7}}},"5":{"name":"(anonymous_5)","decl":{"start":{"line":55,"column":33},"end":{"line":55,"column":36}},"loc":{"start":{"line":55,"column":38},"end":{"line":57,"column":7}}},"6":{"name":"(anonymous_6)","decl":{"start":{"line":121,"column":24},"end":{"line":121,"column":27}},"loc":{"start":{"line":121,"column":29},"end":{"line":123,"column":7}}}},"branchMap":{"0":{"loc":{"start":{"line":16,"column":9},"end":{"line":16,"column":51}},"type":"cond-expr","locations":[{"start":{"line":16,"column":22},"end":{"line":16,"column":26}},{"start":{"line":16,"column":29},"end":{"line":16,"column":51}}]},"1":{"loc":{"start":{"line":16,"column":29},"end":{"line":16,"column":51}},"type":"cond-expr","locations":[{"start":{"line":16,"column":43},"end":{"line":16,"column":46}},{"start":{"line":16,"column":49},"end":{"line":16,"column":51}}]},"2":{"loc":{"start":{"line":31,"column":8},"end":{"line":36,"column":null}},"type":"if","locations":[{"start":{"line":31,"column":8},"end":{"line":36,"column":null}}]},"3":{"loc":{"start":{"line":42,"column":8},"end":{"line":52,"column":null}},"type":"if","locations":[{"start":{"line":42,"column":8},"end":{"line":52,"column":null}},{"start":{"line":45,"column":15},"end":{"line":52,"column":null}}]},"4":{"loc":{"start":{"line":46,"column":10},"end":{"line":48,"column":null}},"type":"if","locations":[{"start":{"line":46,"column":10},"end":{"line":48,"column":null}}]},"5":{"loc":{"start":{"line":81,"column":27},"end":{"line":81,"column":66}},"type":"cond-expr","locations":[{"start":{"line":81,"column":45},"end":{"line":81,"column":54}},{"start":{"line":81,"column":57},"end":{"line":81,"column":66}}]},"6":{"loc":{"start":{"line":105,"column":25},"end":{"line":105,"column":58}},"type":"cond-expr","locations":[{"start":{"line":105,"column":43},"end":{"line":105,"column":50}},{"start":{"line":105,"column":53},"end":{"line":105,"column":58}}]},"7":{"loc":{"start":{"line":118,"column":20},"end":{"line":118,"column":52}},"type":"cond-expr","locations":[{"start":{"line":118,"column":38},"end":{"line":118,"column":44}},{"start":{"line":118,"column":47},"end":{"line":118,"column":52}}]},"8":{"loc":{"start":{"line":134,"column":3},"end":{"line":168,"column":null}},"type":"binary-expr","locations":[{"start":{"line":134,"column":3},"end":{"line":134,"column":17}},{"start":{"line":135,"column":4},"end":{"line":167,"column":null}}]}},"s":{"0":2,"1":2,"2":2,"3":2,"4":2,"5":0,"6":2,"7":0,"8":0,"9":0,"10":0,"11":0,"12":0,"13":0,"14":0,"15":0,"16":0,"17":0,"18":0,"19":0,"20":0,"21":0,"22":0,"23":0,"24":0,"25":0,"26":0,"27":0,"28":0,"29":0,"30":0,"31":0,"32":0,"33":0,"34":0,"35":0,"36":0,"37":0,"38":0,"39":0,"40":2},"f":{"0":0,"1":0,"2":0,"3":0,"4":0,"5":0,"6":0},"b":{"0":[0,0],"1":[0,0],"2":[0],"3":[0,0],"4":[0],"5":[0,0],"6":[0,0],"7":[0,0],"8":[0,0]}}
,"D:\\inzynierka-8.09\\inzynierka -front\\src\\pages\\Dioda15Button.tsx": {"path":"D:\\inzynierka-8.09\\inzynierka -front\\src\\pages\\Dioda15Button.tsx","statementMap":{"0":{"start":{"line":1,"column":0},"end":{"line":1,"column":51}},"1":{"start":{"line":2,"column":0},"end":{"line":2,"column":48}},"2":{"start":{"line":3,"column":0},"end":{"line":3,"column":40}},"3":{"start":{"line":4,"column":0},"end":{"line":4,"column":26}},"4":{"start":{"line":13,"column":48},"end":{"line":19,"column":null}},"5":{"start":{"line":14,"column":4},"end":{"line":18,"column":null}},"6":{"start":{"line":22,"column":52},"end":{"line":173,"column":1}},"7":{"start":{"line":23,"column":48},"end":{"line":23,"column":63}},"8":{"start":{"line":24,"column":40},"end":{"line":24,"column":52}},"9":{"start":{"line":25,"column":50},"end":{"line":25,"column":65}},"10":{"start":{"line":26,"column":22},"end":{"line":28,"column":7}},"11":{"start":{"line":27,"column":8},"end":{"line":27,"column":33}},"12":{"start":{"line":30,"column":33},"end":{"line":37,"column":7}},"13":{"start":{"line":31,"column":8},"end":{"line":36,"column":null}},"14":{"start":{"line":32,"column":24},"end":{"line":32,"column":57}},"15":{"start":{"line":33,"column":23},"end":{"line":33,"column":43}},"16":{"start":{"line":34,"column":10},"end":{"line":34,"column":31}},"17":{"start":{"line":35,"column":10},"end":{"line":35,"column":37}},"18":{"start":{"line":39,"column":32},"end":{"line":53,"column":7}},"19":{"start":{"line":40,"column":8},"end":{"line":40,"column":49}},"20":{"start":{"line":41,"column":8},"end":{"line":41,"column":43}},"21":{"start":{"line":42,"column":8},"end":{"line":52,"column":null}},"22":{"start":{"line":43,"column":10},"end":{"line":43,"column":27}},"23":{"start":{"line":44,"column":10},"end":{"line":44,"column":35}},"24":{"start":{"line":46,"column":10},"end":{"line":48,"column":null}},"25":{"start":{"line":47,"column":12},"end":{"line":47,"column":43}},"26":{"start":{"line":49,"column":10},"end":{"line":49,"column":27}},"27":{"start":{"line":50,"column":10},"end":{"line":50,"column":36}},"28":{"start":{"line":51,"column":10},"end":{"line":51,"column":32}},"29":{"start":{"line":55,"column":33},"end":{"line":57,"column":7}},"30":{"start":{"line":56,"column":8},"end":{"line":56,"column":45}},"31":{"start":{"line":59,"column":48},"end":{"line":65,"column":8}},"32":{"start":{"line":66,"column":46},"end":{"line":78,"column":8}},"33":{"start":{"line":79,"column":27},"end":{"line":96,"column":8}},"34":{"start":{"line":97,"column":56},"end":{"line":108,"column":8}},"35":{"start":{"line":109,"column":53},"end":{"line":120,"column":8}},"36":{"start":{"line":121,"column":24},"end":{"line":123,"column":7}},"37":{"start":{"line":122,"column":8},"end":{"line":122,"column":32}},"38":{"start":{"line":124,"column":46},"end":{"line":126,"column":8}},"39":{"start":{"line":128,"column":2},"end":{"line":172,"column":4}},"40":{"start":{"line":175,"column":0},"end":{"line":175,"column":29}}},"fnMap":{"0":{"name":"(anonymous_0)","decl":{"start":{"line":13,"column":48},"end":{"line":13,"column":49}},"loc":{"start":{"line":14,"column":4},"end":{"line":18,"column":null}}},"1":{"name":"(anonymous_1)","decl":{"start":{"line":22,"column":52},"end":{"line":22,"column":53}},"loc":{"start":{"line":22,"column":112},"end":{"line":173,"column":1}}},"2":{"name":"(anonymous_2)","decl":{"start":{"line":26,"column":22},"end":{"line":26,"column":25}},"loc":{"start":{"line":26,"column":27},"end":{"line":28,"column":7}}},"3":{"name":"(anonymous_3)","decl":{"start":{"line":30,"column":33},"end":{"line":30,"column":34}},"loc":{"start":{"line":30,"column":56},"end":{"line":37,"column":7}}},"4":{"name":"(anonymous_4)","decl":{"start":{"line":39,"column":32},"end":{"line":39,"column":35}},"loc":{"start":{"line":39,"column":37},"end":{"line":53,"column":7}}},"5":{"name":"(anonymous_5)","decl":{"start":{"line":55,"column":33},"end":{"line":55,"column":36}},"loc":{"start":{"line":55,"column":38},"end":{"line":57,"column":7}}},"6":{"name":"(anonymous_6)","decl":{"start":{"line":121,"column":24},"end":{"line":121,"column":27}},"loc":{"start":{"line":121,"column":29},"end":{"line":123,"column":7}}}},"branchMap":{"0":{"loc":{"start":{"line":16,"column":9},"end":{"line":16,"column":51}},"type":"cond-expr","locations":[{"start":{"line":16,"column":22},"end":{"line":16,"column":26}},{"start":{"line":16,"column":29},"end":{"line":16,"column":51}}]},"1":{"loc":{"start":{"line":16,"column":29},"end":{"line":16,"column":51}},"type":"cond-expr","locations":[{"start":{"line":16,"column":43},"end":{"line":16,"column":46}},{"start":{"line":16,"column":49},"end":{"line":16,"column":51}}]},"2":{"loc":{"start":{"line":31,"column":8},"end":{"line":36,"column":null}},"type":"if","locations":[{"start":{"line":31,"column":8},"end":{"line":36,"column":null}}]},"3":{"loc":{"start":{"line":42,"column":8},"end":{"line":52,"column":null}},"type":"if","locations":[{"start":{"line":42,"column":8},"end":{"line":52,"column":null}},{"start":{"line":45,"column":15},"end":{"line":52,"column":null}}]},"4":{"loc":{"start":{"line":46,"column":10},"end":{"line":48,"column":null}},"type":"if","locations":[{"start":{"line":46,"column":10},"end":{"line":48,"column":null}}]},"5":{"loc":{"start":{"line":81,"column":27},"end":{"line":81,"column":66}},"type":"cond-expr","locations":[{"start":{"line":81,"column":45},"end":{"line":81,"column":54}},{"start":{"line":81,"column":57},"end":{"line":81,"column":66}}]},"6":{"loc":{"start":{"line":105,"column":25},"end":{"line":105,"column":58}},"type":"cond-expr","locations":[{"start":{"line":105,"column":43},"end":{"line":105,"column":50}},{"start":{"line":105,"column":53},"end":{"line":105,"column":58}}]},"7":{"loc":{"start":{"line":118,"column":20},"end":{"line":118,"column":52}},"type":"cond-expr","locations":[{"start":{"line":118,"column":38},"end":{"line":118,"column":44}},{"start":{"line":118,"column":47},"end":{"line":118,"column":52}}]},"8":{"loc":{"start":{"line":134,"column":3},"end":{"line":168,"column":null}},"type":"binary-expr","locations":[{"start":{"line":134,"column":3},"end":{"line":134,"column":17}},{"start":{"line":135,"column":4},"end":{"line":167,"column":null}}]}},"s":{"0":2,"1":2,"2":2,"3":2,"4":2,"5":0,"6":2,"7":0,"8":0,"9":0,"10":0,"11":0,"12":0,"13":0,"14":0,"15":0,"16":0,"17":0,"18":0,"19":0,"20":0,"21":0,"22":0,"23":0,"24":0,"25":0,"26":0,"27":0,"28":0,"29":0,"30":0,"31":0,"32":0,"33":0,"34":0,"35":0,"36":0,"37":0,"38":0,"39":0,"40":2},"f":{"0":0,"1":0,"2":0,"3":0,"4":0,"5":0,"6":0},"b":{"0":[0,0],"1":[0,0],"2":[0],"3":[0,0],"4":[0],"5":[0,0],"6":[0,0],"7":[0,0],"8":[0,0]}}
,"D:\\inzynierka-8.09\\inzynierka -front\\src\\pages\\Dioda16Button.tsx": {"path":"D:\\inzynierka-8.09\\inzynierka -front\\src\\pages\\Dioda16Button.tsx","statementMap":{"0":{"start":{"line":1,"column":0},"end":{"line":1,"column":51}},"1":{"start":{"line":2,"column":0},"end":{"line":2,"column":48}},"2":{"start":{"line":3,"column":0},"end":{"line":3,"column":40}},"3":{"start":{"line":4,"column":0},"end":{"line":4,"column":26}},"4":{"start":{"line":13,"column":48},"end":{"line":19,"column":null}},"5":{"start":{"line":14,"column":4},"end":{"line":18,"column":null}},"6":{"start":{"line":22,"column":52},"end":{"line":173,"column":1}},"7":{"start":{"line":23,"column":48},"end":{"line":23,"column":63}},"8":{"start":{"line":24,"column":40},"end":{"line":24,"column":52}},"9":{"start":{"line":25,"column":50},"end":{"line":25,"column":65}},"10":{"start":{"line":26,"column":22},"end":{"line":28,"column":7}},"11":{"start":{"line":27,"column":8},"end":{"line":27,"column":33}},"12":{"start":{"line":30,"column":33},"end":{"line":37,"column":7}},"13":{"start":{"line":31,"column":8},"end":{"line":36,"column":null}},"14":{"start":{"line":32,"column":24},"end":{"line":32,"column":57}},"15":{"start":{"line":33,"column":23},"end":{"line":33,"column":43}},"16":{"start":{"line":34,"column":10},"end":{"line":34,"column":31}},"17":{"start":{"line":35,"column":10},"end":{"line":35,"column":37}},"18":{"start":{"line":39,"column":32},"end":{"line":53,"column":7}},"19":{"start":{"line":40,"column":8},"end":{"line":40,"column":49}},"20":{"start":{"line":41,"column":8},"end":{"line":41,"column":43}},"21":{"start":{"line":42,"column":8},"end":{"line":52,"column":null}},"22":{"start":{"line":43,"column":10},"end":{"line":43,"column":27}},"23":{"start":{"line":44,"column":10},"end":{"line":44,"column":35}},"24":{"start":{"line":46,"column":10},"end":{"line":48,"column":null}},"25":{"start":{"line":47,"column":12},"end":{"line":47,"column":43}},"26":{"start":{"line":49,"column":10},"end":{"line":49,"column":27}},"27":{"start":{"line":50,"column":10},"end":{"line":50,"column":36}},"28":{"start":{"line":51,"column":10},"end":{"line":51,"column":32}},"29":{"start":{"line":55,"column":33},"end":{"line":57,"column":7}},"30":{"start":{"line":56,"column":8},"end":{"line":56,"column":45}},"31":{"start":{"line":59,"column":48},"end":{"line":65,"column":8}},"32":{"start":{"line":66,"column":46},"end":{"line":78,"column":8}},"33":{"start":{"line":79,"column":27},"end":{"line":96,"column":8}},"34":{"start":{"line":97,"column":56},"end":{"line":108,"column":8}},"35":{"start":{"line":109,"column":53},"end":{"line":120,"column":8}},"36":{"start":{"line":121,"column":24},"end":{"line":123,"column":7}},"37":{"start":{"line":122,"column":8},"end":{"line":122,"column":32}},"38":{"start":{"line":124,"column":46},"end":{"line":126,"column":8}},"39":{"start":{"line":128,"column":2},"end":{"line":172,"column":4}},"40":{"start":{"line":175,"column":0},"end":{"line":175,"column":29}}},"fnMap":{"0":{"name":"(anonymous_0)","decl":{"start":{"line":13,"column":48},"end":{"line":13,"column":49}},"loc":{"start":{"line":14,"column":4},"end":{"line":18,"column":null}}},"1":{"name":"(anonymous_1)","decl":{"start":{"line":22,"column":52},"end":{"line":22,"column":53}},"loc":{"start":{"line":22,"column":112},"end":{"line":173,"column":1}}},"2":{"name":"(anonymous_2)","decl":{"start":{"line":26,"column":22},"end":{"line":26,"column":25}},"loc":{"start":{"line":26,"column":27},"end":{"line":28,"column":7}}},"3":{"name":"(anonymous_3)","decl":{"start":{"line":30,"column":33},"end":{"line":30,"column":34}},"loc":{"start":{"line":30,"column":56},"end":{"line":37,"column":7}}},"4":{"name":"(anonymous_4)","decl":{"start":{"line":39,"column":32},"end":{"line":39,"column":35}},"loc":{"start":{"line":39,"column":37},"end":{"line":53,"column":7}}},"5":{"name":"(anonymous_5)","decl":{"start":{"line":55,"column":33},"end":{"line":55,"column":36}},"loc":{"start":{"line":55,"column":38},"end":{"line":57,"column":7}}},"6":{"name":"(anonymous_6)","decl":{"start":{"line":121,"column":24},"end":{"line":121,"column":27}},"loc":{"start":{"line":121,"column":29},"end":{"line":123,"column":7}}}},"branchMap":{"0":{"loc":{"start":{"line":16,"column":9},"end":{"line":16,"column":51}},"type":"cond-expr","locations":[{"start":{"line":16,"column":22},"end":{"line":16,"column":26}},{"start":{"line":16,"column":29},"end":{"line":16,"column":51}}]},"1":{"loc":{"start":{"line":16,"column":29},"end":{"line":16,"column":51}},"type":"cond-expr","locations":[{"start":{"line":16,"column":43},"end":{"line":16,"column":46}},{"start":{"line":16,"column":49},"end":{"line":16,"column":51}}]},"2":{"loc":{"start":{"line":31,"column":8},"end":{"line":36,"column":null}},"type":"if","locations":[{"start":{"line":31,"column":8},"end":{"line":36,"column":null}}]},"3":{"loc":{"start":{"line":42,"column":8},"end":{"line":52,"column":null}},"type":"if","locations":[{"start":{"line":42,"column":8},"end":{"line":52,"column":null}},{"start":{"line":45,"column":15},"end":{"line":52,"column":null}}]},"4":{"loc":{"start":{"line":46,"column":10},"end":{"line":48,"column":null}},"type":"if","locations":[{"start":{"line":46,"column":10},"end":{"line":48,"column":null}}]},"5":{"loc":{"start":{"line":81,"column":27},"end":{"line":81,"column":66}},"type":"cond-expr","locations":[{"start":{"line":81,"column":45},"end":{"line":81,"column":54}},{"start":{"line":81,"column":57},"end":{"line":81,"column":66}}]},"6":{"loc":{"start":{"line":105,"column":25},"end":{"line":105,"column":58}},"type":"cond-expr","locations":[{"start":{"line":105,"column":43},"end":{"line":105,"column":50}},{"start":{"line":105,"column":53},"end":{"line":105,"column":58}}]},"7":{"loc":{"start":{"line":118,"column":20},"end":{"line":118,"column":52}},"type":"cond-expr","locations":[{"start":{"line":118,"column":38},"end":{"line":118,"column":44}},{"start":{"line":118,"column":47},"end":{"line":118,"column":52}}]},"8":{"loc":{"start":{"line":134,"column":3},"end":{"line":168,"column":null}},"type":"binary-expr","locations":[{"start":{"line":134,"column":3},"end":{"line":134,"column":17}},{"start":{"line":135,"column":4},"end":{"line":167,"column":null}}]}},"s":{"0":2,"1":2,"2":2,"3":2,"4":2,"5":0,"6":2,"7":0,"8":0,"9":0,"10":0,"11":0,"12":0,"13":0,"14":0,"15":0,"16":0,"17":0,"18":0,"19":0,"20":0,"21":0,"22":0,"23":0,"24":0,"25":0,"26":0,"27":0,"28":0,"29":0,"30":0,"31":0,"32":0,"33":0,"34":0,"35":0,"36":0,"37":0,"38":0,"39":0,"40":2},"f":{"0":0,"1":0,"2":0,"3":0,"4":0,"5":0,"6":0},"b":{"0":[0,0],"1":[0,0],"2":[0],"3":[0,0],"4":[0],"5":[0,0],"6":[0,0],"7":[0,0],"8":[0,0]}}
,"D:\\inzynierka-8.09\\inzynierka -front\\src\\pages\\Dioda1Button.tsx": {"path":"D:\\inzynierka-8.09\\inzynierka -front\\src\\pages\\Dioda1Button.tsx","statementMap":{"0":{"start":{"line":1,"column":0},"end":{"line":1,"column":51}},"1":{"start":{"line":2,"column":0},"end":{"line":2,"column":38}},"2":{"start":{"line":3,"column":0},"end":{"line":3,"column":27}},"3":{"start":{"line":4,"column":0},"end":{"line":4,"column":48}},"4":{"start":{"line":5,"column":0},"end":{"line":5,"column":40}},"5":{"start":{"line":13,"column":48},"end":{"line":19,"column":null}},"6":{"start":{"line":14,"column":2},"end":{"line":18,"column":null}},"7":{"start":{"line":22,"column":50},"end":{"line":205,"column":1}},"8":{"start":{"line":23,"column":46},"end":{"line":23,"column":61}},"9":{"start":{"line":24,"column":38},"end":{"line":24,"column":50}},"10":{"start":{"line":25,"column":48},"end":{"line":25,"column":63}},"11":{"start":{"line":27,"column":20},"end":{"line":29,"column":3}},"12":{"start":{"line":28,"column":4},"end":{"line":28,"column":28}},"13":{"start":{"line":31,"column":20},"end":{"line":33,"column":3}},"14":{"start":{"line":32,"column":4},"end":{"line":32,"column":29}},"15":{"start":{"line":35,"column":2},"end":{"line":39,"column":36}},"16":{"start":{"line":36,"column":4},"end":{"line":38,"column":null}},"17":{"start":{"line":37,"column":6},"end":{"line":37,"column":36}},"18":{"start":{"line":41,"column":29},"end":{"line":48,"column":3}},"19":{"start":{"line":42,"column":4},"end":{"line":47,"column":null}},"20":{"start":{"line":43,"column":20},"end":{"line":43,"column":53}},"21":{"start":{"line":44,"column":19},"end":{"line":44,"column":39}},"22":{"start":{"line":45,"column":6},"end":{"line":45,"column":27}},"23":{"start":{"line":46,"column":6},"end":{"line":46,"column":32}},"24":{"start":{"line":50,"column":28},"end":{"line":63,"column":3}},"25":{"start":{"line":51,"column":4},"end":{"line":51,"column":37}},"26":{"start":{"line":52,"column":4},"end":{"line":62,"column":null}},"27":{"start":{"line":53,"column":6},"end":{"line":53,"column":23}},"28":{"start":{"line":54,"column":6},"end":{"line":54,"column":31}},"29":{"start":{"line":56,"column":6},"end":{"line":58,"column":null}},"30":{"start":{"line":57,"column":8},"end":{"line":57,"column":38}},"31":{"start":{"line":59,"column":6},"end":{"line":59,"column":23}},"32":{"start":{"line":60,"column":6},"end":{"line":60,"column":32}},"33":{"start":{"line":61,"column":6},"end":{"line":61,"column":27}},"34":{"start":{"line":65,"column":29},"end":{"line":67,"column":3}},"35":{"start":{"line":66,"column":4},"end":{"line":66,"column":41}},"36":{"start":{"line":69,"column":42},"end":{"line":81,"column":4}},"37":{"start":{"line":83,"column":42},"end":{"line":85,"column":4}},"38":{"start":{"line":87,"column":46},"end":{"line":93,"column":4}},"39":{"start":{"line":95,"column":49},"end":{"line":106,"column":4}},"40":{"start":{"line":108,"column":52},"end":{"line":119,"column":4}},"41":{"start":{"line":121,"column":49},"end":{"line":127,"column":4}},"42":{"start":{"line":129,"column":23},"end":{"line":146,"column":4}},"43":{"start":{"line":148,"column":49},"end":{"line":158,"column":4}},"44":{"start":{"line":160,"column":2},"end":{"line":204,"column":4}},"45":{"start":{"line":207,"column":0},"end":{"line":207,"column":28}}},"fnMap":{"0":{"name":"(anonymous_0)","decl":{"start":{"line":13,"column":48},"end":{"line":13,"column":49}},"loc":{"start":{"line":14,"column":2},"end":{"line":18,"column":null}}},"1":{"name":"(anonymous_1)","decl":{"start":{"line":22,"column":50},"end":{"line":22,"column":51}},"loc":{"start":{"line":22,"column":109},"end":{"line":205,"column":1}}},"2":{"name":"(anonymous_2)","decl":{"start":{"line":27,"column":20},"end":{"line":27,"column":23}},"loc":{"start":{"line":27,"column":25},"end":{"line":29,"column":3}}},"3":{"name":"(anonymous_3)","decl":{"start":{"line":31,"column":20},"end":{"line":31,"column":23}},"loc":{"start":{"line":31,"column":25},"end":{"line":33,"column":3}}},"4":{"name":"(anonymous_4)","decl":{"start":{"line":35,"column":12},"end":{"line":35,"column":15}},"loc":{"start":{"line":35,"column":17},"end":{"line":39,"column":3}}},"5":{"name":"(anonymous_5)","decl":{"start":{"line":41,"column":29},"end":{"line":41,"column":30}},"loc":{"start":{"line":41,"column":52},"end":{"line":48,"column":3}}},"6":{"name":"(anonymous_6)","decl":{"start":{"line":50,"column":28},"end":{"line":50,"column":31}},"loc":{"start":{"line":50,"column":33},"end":{"line":63,"column":3}}},"7":{"name":"(anonymous_7)","decl":{"start":{"line":65,"column":29},"end":{"line":65,"column":32}},"loc":{"start":{"line":65,"column":34},"end":{"line":67,"column":3}}}},"branchMap":{"0":{"loc":{"start":{"line":16,"column":7},"end":{"line":16,"column":49}},"type":"cond-expr","locations":[{"start":{"line":16,"column":20},"end":{"line":16,"column":24}},{"start":{"line":16,"column":27},"end":{"line":16,"column":49}}]},"1":{"loc":{"start":{"line":16,"column":27},"end":{"line":16,"column":49}},"type":"cond-expr","locations":[{"start":{"line":16,"column":41},"end":{"line":16,"column":44}},{"start":{"line":16,"column":47},"end":{"line":16,"column":49}}]},"2":{"loc":{"start":{"line":36,"column":4},"end":{"line":38,"column":null}},"type":"if","locations":[{"start":{"line":36,"column":4},"end":{"line":38,"column":null}}]},"3":{"loc":{"start":{"line":36,"column":8},"end":{"line":36,"column":40}},"type":"binary-expr","locations":[{"start":{"line":36,"column":8},"end":{"line":36,"column":21}},{"start":{"line":36,"column":25},"end":{"line":36,"column":40}}]},"4":{"loc":{"start":{"line":42,"column":4},"end":{"line":47,"column":null}},"type":"if","locations":[{"start":{"line":42,"column":4},"end":{"line":47,"column":null}}]},"5":{"loc":{"start":{"line":52,"column":4},"end":{"line":62,"column":null}},"type":"if","locations":[{"start":{"line":52,"column":4},"end":{"line":62,"column":null}},{"start":{"line":55,"column":11},"end":{"line":62,"column":null}}]},"6":{"loc":{"start":{"line":56,"column":6},"end":{"line":58,"column":null}},"type":"if","locations":[{"start":{"line":56,"column":6},"end":{"line":58,"column":null}}]},"7":{"loc":{"start":{"line":104,"column":16},"end":{"line":104,"column":48}},"type":"cond-expr","locations":[{"start":{"line":104,"column":34},"end":{"line":104,"column":40}},{"start":{"line":104,"column":43},"end":{"line":104,"column":48}}]},"8":{"loc":{"start":{"line":116,"column":21},"end":{"line":116,"column":54}},"type":"cond-expr","locations":[{"start":{"line":116,"column":39},"end":{"line":116,"column":46}},{"start":{"line":116,"column":49},"end":{"line":116,"column":54}}]},"9":{"loc":{"start":{"line":131,"column":23},"end":{"line":131,"column":62}},"type":"cond-expr","locations":[{"start":{"line":131,"column":41},"end":{"line":131,"column":50}},{"start":{"line":131,"column":53},"end":{"line":131,"column":62}}]},"10":{"loc":{"start":{"line":156,"column":16},"end":{"line":156,"column":55}},"type":"cond-expr","locations":[{"start":{"line":156,"column":34},"end":{"line":156,"column":43}},{"start":{"line":156,"column":46},"end":{"line":156,"column":55}}]},"11":{"loc":{"start":{"line":169,"column":7},"end":{"line":201,"column":null}},"type":"binary-expr","locations":[{"start":{"line":169,"column":7},"end":{"line":169,"column":21}},{"start":{"line":170,"column":8},"end":{"line":200,"column":null}}]}},"s":{"0":1,"1":1,"2":1,"3":1,"4":1,"5":1,"6":0,"7":1,"8":2,"9":2,"10":2,"11":2,"12":0,"13":2,"14":0,"15":2,"16":1,"17":0,"18":2,"19":0,"20":0,"21":0,"22":0,"23":0,"24":2,"25":0,"26":0,"27":0,"28":0,"29":0,"30":0,"31":0,"32":0,"33":0,"34":2,"35":0,"36":2,"37":2,"38":2,"39":2,"40":2,"41":2,"42":2,"43":2,"44":2,"45":1},"f":{"0":0,"1":2,"2":0,"3":0,"4":1,"5":0,"6":0,"7":0},"b":{"0":[0,0],"1":[0,0],"2":[0],"3":[1,0],"4":[0],"5":[0,0],"6":[0],"7":[0,2],"8":[0,2],"9":[0,2],"10":[0,2],"11":[2,0]}}
,"D:\\inzynierka-8.09\\inzynierka -front\\src\\pages\\Dioda2Button.tsx": {"path":"D:\\inzynierka-8.09\\inzynierka -front\\src\\pages\\Dioda2Button.tsx","statementMap":{"0":{"start":{"line":1,"column":0},"end":{"line":1,"column":51}},"1":{"start":{"line":2,"column":0},"end":{"line":2,"column":38}},"2":{"start":{"line":3,"column":0},"end":{"line":3,"column":27}},"3":{"start":{"line":4,"column":0},"end":{"line":4,"column":48}},"4":{"start":{"line":5,"column":0},"end":{"line":5,"column":40}},"5":{"start":{"line":13,"column":48},"end":{"line":19,"column":null}},"6":{"start":{"line":14,"column":2},"end":{"line":18,"column":null}},"7":{"start":{"line":22,"column":50},"end":{"line":208,"column":1}},"8":{"start":{"line":23,"column":46},"end":{"line":23,"column":61}},"9":{"start":{"line":24,"column":38},"end":{"line":24,"column":50}},"10":{"start":{"line":25,"column":48},"end":{"line":25,"column":63}},"11":{"start":{"line":27,"column":20},"end":{"line":29,"column":3}},"12":{"start":{"line":28,"column":4},"end":{"line":28,"column":28}},"13":{"start":{"line":31,"column":20},"end":{"line":33,"column":3}},"14":{"start":{"line":32,"column":4},"end":{"line":32,"column":29}},"15":{"start":{"line":35,"column":2},"end":{"line":39,"column":36}},"16":{"start":{"line":36,"column":4},"end":{"line":38,"column":null}},"17":{"start":{"line":37,"column":6},"end":{"line":37,"column":36}},"18":{"start":{"line":41,"column":29},"end":{"line":48,"column":3}},"19":{"start":{"line":42,"column":4},"end":{"line":47,"column":null}},"20":{"start":{"line":43,"column":20},"end":{"line":43,"column":53}},"21":{"start":{"line":44,"column":19},"end":{"line":44,"column":39}},"22":{"start":{"line":45,"column":6},"end":{"line":45,"column":27}},"23":{"start":{"line":46,"column":6},"end":{"line":46,"column":32}},"24":{"start":{"line":50,"column":28},"end":{"line":64,"column":3}},"25":{"start":{"line":51,"column":4},"end":{"line":51,"column":37}},"26":{"start":{"line":52,"column":4},"end":{"line":63,"column":null}},"27":{"start":{"line":53,"column":6},"end":{"line":53,"column":23}},"28":{"start":{"line":54,"column":6},"end":{"line":54,"column":31}},"29":{"start":{"line":57,"column":6},"end":{"line":59,"column":null}},"30":{"start":{"line":58,"column":8},"end":{"line":58,"column":38}},"31":{"start":{"line":60,"column":6},"end":{"line":60,"column":23}},"32":{"start":{"line":61,"column":6},"end":{"line":61,"column":32}},"33":{"start":{"line":62,"column":6},"end":{"line":62,"column":27}},"34":{"start":{"line":66,"column":29},"end":{"line":68,"column":3}},"35":{"start":{"line":67,"column":4},"end":{"line":67,"column":41}},"36":{"start":{"line":70,"column":42},"end":{"line":82,"column":4}},"37":{"start":{"line":84,"column":42},"end":{"line":86,"column":4}},"38":{"start":{"line":88,"column":46},"end":{"line":94,"column":4}},"39":{"start":{"line":96,"column":49},"end":{"line":107,"column":4}},"40":{"start":{"line":109,"column":52},"end":{"line":120,"column":4}},"41":{"start":{"line":122,"column":49},"end":{"line":128,"column":4}},"42":{"start":{"line":130,"column":23},"end":{"line":147,"column":4}},"43":{"start":{"line":149,"column":49},"end":{"line":159,"column":4}},"44":{"start":{"line":161,"column":2},"end":{"line":207,"column":4}},"45":{"start":{"line":210,"column":0},"end":{"line":210,"column":28}}},"fnMap":{"0":{"name":"(anonymous_0)","decl":{"start":{"line":13,"column":48},"end":{"line":13,"column":49}},"loc":{"start":{"line":14,"column":2},"end":{"line":18,"column":null}}},"1":{"name":"(anonymous_1)","decl":{"start":{"line":22,"column":50},"end":{"line":22,"column":51}},"loc":{"start":{"line":22,"column":109},"end":{"line":208,"column":1}}},"2":{"name":"(anonymous_2)","decl":{"start":{"line":27,"column":20},"end":{"line":27,"column":23}},"loc":{"start":{"line":27,"column":25},"end":{"line":29,"column":3}}},"3":{"name":"(anonymous_3)","decl":{"start":{"line":31,"column":20},"end":{"line":31,"column":23}},"loc":{"start":{"line":31,"column":25},"end":{"line":33,"column":3}}},"4":{"name":"(anonymous_4)","decl":{"start":{"line":35,"column":12},"end":{"line":35,"column":15}},"loc":{"start":{"line":35,"column":17},"end":{"line":39,"column":3}}},"5":{"name":"(anonymous_5)","decl":{"start":{"line":41,"column":29},"end":{"line":41,"column":30}},"loc":{"start":{"line":41,"column":52},"end":{"line":48,"column":3}}},"6":{"name":"(anonymous_6)","decl":{"start":{"line":50,"column":28},"end":{"line":50,"column":31}},"loc":{"start":{"line":50,"column":33},"end":{"line":64,"column":3}}},"7":{"name":"(anonymous_7)","decl":{"start":{"line":66,"column":29},"end":{"line":66,"column":32}},"loc":{"start":{"line":66,"column":34},"end":{"line":68,"column":3}}}},"branchMap":{"0":{"loc":{"start":{"line":16,"column":7},"end":{"line":16,"column":49}},"type":"cond-expr","locations":[{"start":{"line":16,"column":20},"end":{"line":16,"column":24}},{"start":{"line":16,"column":27},"end":{"line":16,"column":49}}]},"1":{"loc":{"start":{"line":16,"column":27},"end":{"line":16,"column":49}},"type":"cond-expr","locations":[{"start":{"line":16,"column":41},"end":{"line":16,"column":44}},{"start":{"line":16,"column":47},"end":{"line":16,"column":49}}]},"2":{"loc":{"start":{"line":36,"column":4},"end":{"line":38,"column":null}},"type":"if","locations":[{"start":{"line":36,"column":4},"end":{"line":38,"column":null}}]},"3":{"loc":{"start":{"line":36,"column":8},"end":{"line":36,"column":40}},"type":"binary-expr","locations":[{"start":{"line":36,"column":8},"end":{"line":36,"column":21}},{"start":{"line":36,"column":25},"end":{"line":36,"column":40}}]},"4":{"loc":{"start":{"line":42,"column":4},"end":{"line":47,"column":null}},"type":"if","locations":[{"start":{"line":42,"column":4},"end":{"line":47,"column":null}}]},"5":{"loc":{"start":{"line":52,"column":4},"end":{"line":63,"column":null}},"type":"if","locations":[{"start":{"line":52,"column":4},"end":{"line":63,"column":null}},{"start":{"line":56,"column":11},"end":{"line":63,"column":null}}]},"6":{"loc":{"start":{"line":57,"column":6},"end":{"line":59,"column":null}},"type":"if","locations":[{"start":{"line":57,"column":6},"end":{"line":59,"column":null}}]},"7":{"loc":{"start":{"line":105,"column":16},"end":{"line":105,"column":48}},"type":"cond-expr","locations":[{"start":{"line":105,"column":34},"end":{"line":105,"column":40}},{"start":{"line":105,"column":43},"end":{"line":105,"column":48}}]},"8":{"loc":{"start":{"line":117,"column":21},"end":{"line":117,"column":54}},"type":"cond-expr","locations":[{"start":{"line":117,"column":39},"end":{"line":117,"column":46}},{"start":{"line":117,"column":49},"end":{"line":117,"column":54}}]},"9":{"loc":{"start":{"line":132,"column":23},"end":{"line":132,"column":62}},"type":"cond-expr","locations":[{"start":{"line":132,"column":41},"end":{"line":132,"column":50}},{"start":{"line":132,"column":53},"end":{"line":132,"column":62}}]},"10":{"loc":{"start":{"line":157,"column":16},"end":{"line":157,"column":55}},"type":"cond-expr","locations":[{"start":{"line":157,"column":34},"end":{"line":157,"column":43}},{"start":{"line":157,"column":46},"end":{"line":157,"column":55}}]},"11":{"loc":{"start":{"line":170,"column":7},"end":{"line":204,"column":null}},"type":"binary-expr","locations":[{"start":{"line":170,"column":7},"end":{"line":170,"column":21}},{"start":{"line":171,"column":8},"end":{"line":203,"column":null}}]}},"s":{"0":1,"1":1,"2":1,"3":1,"4":1,"5":1,"6":0,"7":1,"8":2,"9":2,"10":2,"11":2,"12":0,"13":2,"14":0,"15":2,"16":1,"17":0,"18":2,"19":0,"20":0,"21":0,"22":0,"23":0,"24":2,"25":0,"26":0,"27":0,"28":0,"29":0,"30":0,"31":0,"32":0,"33":0,"34":2,"35":0,"36":2,"37":2,"38":2,"39":2,"40":2,"41":2,"42":2,"43":2,"44":2,"45":1},"f":{"0":0,"1":2,"2":0,"3":0,"4":1,"5":0,"6":0,"7":0},"b":{"0":[0,0],"1":[0,0],"2":[0],"3":[1,0],"4":[0],"5":[0,0],"6":[0],"7":[0,2],"8":[0,2],"9":[0,2],"10":[0,2],"11":[2,0]}}
,"D:\\inzynierka-8.09\\inzynierka -front\\src\\pages\\Dioda3Button.tsx": {"path":"D:\\inzynierka-8.09\\inzynierka -front\\src\\pages\\Dioda3Button.tsx","statementMap":{"0":{"start":{"line":1,"column":0},"end":{"line":1,"column":51}},"1":{"start":{"line":2,"column":0},"end":{"line":2,"column":38}},"2":{"start":{"line":3,"column":0},"end":{"line":3,"column":27}},"3":{"start":{"line":4,"column":0},"end":{"line":4,"column":48}},"4":{"start":{"line":5,"column":0},"end":{"line":5,"column":40}},"5":{"start":{"line":17,"column":48},"end":{"line":23,"column":null}},"6":{"start":{"line":18,"column":2},"end":{"line":22,"column":null}},"7":{"start":{"line":26,"column":50},"end":{"line":235,"column":1}},"8":{"start":{"line":27,"column":46},"end":{"line":27,"column":61}},"9":{"start":{"line":28,"column":42},"end":{"line":28,"column":61}},"10":{"start":{"line":29,"column":48},"end":{"line":29,"column":63}},"11":{"start":{"line":31,"column":20},"end":{"line":33,"column":3}},"12":{"start":{"line":32,"column":4},"end":{"line":32,"column":28}},"13":{"start":{"line":35,"column":20},"end":{"line":37,"column":3}},"14":{"start":{"line":36,"column":4},"end":{"line":36,"column":29}},"15":{"start":{"line":39,"column":2},"end":{"line":43,"column":38}},"16":{"start":{"line":40,"column":4},"end":{"line":42,"column":null}},"17":{"start":{"line":41,"column":6},"end":{"line":41,"column":38}},"18":{"start":{"line":45,"column":35},"end":{"line":50,"column":3}},"19":{"start":{"line":46,"column":4},"end":{"line":49,"column":null}},"20":{"start":{"line":47,"column":20},"end":{"line":47,"column":51}},"21":{"start":{"line":48,"column":6},"end":{"line":48,"column":29}},"22":{"start":{"line":52,"column":28},"end":{"line":65,"column":3}},"23":{"start":{"line":53,"column":4},"end":{"line":53,"column":37}},"24":{"start":{"line":54,"column":4},"end":{"line":64,"column":null}},"25":{"start":{"line":56,"column":6},"end":{"line":56,"column":31}},"26":{"start":{"line":59,"column":6},"end":{"line":61,"column":null}},"27":{"start":{"line":60,"column":8},"end":{"line":60,"column":40}},"28":{"start":{"line":62,"column":6},"end":{"line":62,"column":32}},"29":{"start":{"line":63,"column":6},"end":{"line":63,"column":27}},"30":{"start":{"line":67,"column":29},"end":{"line":69,"column":3}},"31":{"start":{"line":68,"column":4},"end":{"line":68,"column":41}},"32":{"start":{"line":72,"column":33},"end":{"line":74,"column":3}},"33":{"start":{"line":73,"column":4},"end":{"line":73,"column":41}},"34":{"start":{"line":76,"column":42},"end":{"line":88,"column":4}},"35":{"start":{"line":90,"column":42},"end":{"line":92,"column":4}},"36":{"start":{"line":94,"column":46},"end":{"line":100,"column":4}},"37":{"start":{"line":102,"column":49},"end":{"line":108,"column":4}},"38":{"start":{"line":110,"column":47},"end":{"line":116,"column":4}},"39":{"start":{"line":118,"column":48},"end":{"line":122,"column":4}},"40":{"start":{"line":124,"column":23},"end":{"line":141,"column":4}},"41":{"start":{"line":143,"column":49},"end":{"line":154,"column":4}},"42":{"start":{"line":156,"column":52},"end":{"line":167,"column":4}},"43":{"start":{"line":169,"column":49},"end":{"line":179,"column":4}},"44":{"start":{"line":181,"column":2},"end":{"line":234,"column":4}},"45":{"start":{"line":236,"column":0},"end":{"line":236,"column":28}},"46":{"start":{"line":238,"column":2},"end":{"line":238,"column":47}}},"fnMap":{"0":{"name":"(anonymous_0)","decl":{"start":{"line":17,"column":48},"end":{"line":17,"column":49}},"loc":{"start":{"line":18,"column":2},"end":{"line":22,"column":null}}},"1":{"name":"(anonymous_1)","decl":{"start":{"line":26,"column":50},"end":{"line":26,"column":51}},"loc":{"start":{"line":26,"column":127},"end":{"line":235,"column":1}}},"2":{"name":"(anonymous_2)","decl":{"start":{"line":31,"column":20},"end":{"line":31,"column":23}},"loc":{"start":{"line":31,"column":25},"end":{"line":33,"column":3}}},"3":{"name":"(anonymous_3)","decl":{"start":{"line":35,"column":20},"end":{"line":35,"column":23}},"loc":{"start":{"line":35,"column":25},"end":{"line":37,"column":3}}},"4":{"name":"(anonymous_4)","decl":{"start":{"line":39,"column":12},"end":{"line":39,"column":15}},"loc":{"start":{"line":39,"column":17},"end":{"line":43,"column":3}}},"5":{"name":"(anonymous_5)","decl":{"start":{"line":45,"column":35},"end":{"line":45,"column":36}},"loc":{"start":{"line":45,"column":58},"end":{"line":50,"column":3}}},"6":{"name":"(anonymous_6)","decl":{"start":{"line":52,"column":28},"end":{"line":52,"column":31}},"loc":{"start":{"line":52,"column":33},"end":{"line":65,"column":3}}},"7":{"name":"(anonymous_7)","decl":{"start":{"line":67,"column":29},"end":{"line":67,"column":32}},"loc":{"start":{"line":67,"column":34},"end":{"line":69,"column":3}}},"8":{"name":"(anonymous_8)","decl":{"start":{"line":72,"column":33},"end":{"line":72,"column":36}},"loc":{"start":{"line":72,"column":38},"end":{"line":74,"column":3}}},"9":{"name":"updatePumpData","decl":{"start":{"line":237,"column":9},"end":{"line":237,"column":23}},"loc":{"start":{"line":237,"column":48},"end":{"line":239,"column":1}}}},"branchMap":{"0":{"loc":{"start":{"line":20,"column":7},"end":{"line":20,"column":49}},"type":"cond-expr","locations":[{"start":{"line":20,"column":20},"end":{"line":20,"column":24}},{"start":{"line":20,"column":27},"end":{"line":20,"column":49}}]},"1":{"loc":{"start":{"line":20,"column":27},"end":{"line":20,"column":49}},"type":"cond-expr","locations":[{"start":{"line":20,"column":41},"end":{"line":20,"column":44}},{"start":{"line":20,"column":47},"end":{"line":20,"column":49}}]},"2":{"loc":{"start":{"line":40,"column":4},"end":{"line":42,"column":null}},"type":"if","locations":[{"start":{"line":40,"column":4},"end":{"line":42,"column":null}}]},"3":{"loc":{"start":{"line":40,"column":8},"end":{"line":40,"column":40}},"type":"binary-expr","locations":[{"start":{"line":40,"column":8},"end":{"line":40,"column":21}},{"start":{"line":40,"column":25},"end":{"line":40,"column":40}}]},"4":{"loc":{"start":{"line":46,"column":4},"end":{"line":49,"column":null}},"type":"if","locations":[{"start":{"line":46,"column":4},"end":{"line":49,"column":null}}]},"5":{"loc":{"start":{"line":54,"column":4},"end":{"line":64,"column":null}},"type":"if","locations":[{"start":{"line":54,"column":4},"end":{"line":64,"column":null}},{"start":{"line":58,"column":11},"end":{"line":64,"column":null}}]},"6":{"loc":{"start":{"line":59,"column":6},"end":{"line":61,"column":null}},"type":"if","locations":[{"start":{"line":59,"column":6},"end":{"line":61,"column":null}}]},"7":{"loc":{"start":{"line":115,"column":21},"end":{"line":115,"column":52}},"type":"cond-expr","locations":[{"start":{"line":115,"column":37},"end":{"line":115,"column":44}},{"start":{"line":115,"column":47},"end":{"line":115,"column":52}}]},"8":{"loc":{"start":{"line":126,"column":23},"end":{"line":126,"column":62}},"type":"cond-expr","locations":[{"start":{"line":126,"column":41},"end":{"line":126,"column":50}},{"start":{"line":126,"column":53},"end":{"line":126,"column":62}}]},"9":{"loc":{"start":{"line":152,"column":16},"end":{"line":152,"column":48}},"type":"cond-expr","locations":[{"start":{"line":152,"column":34},"end":{"line":152,"column":40}},{"start":{"line":152,"column":43},"end":{"line":152,"column":48}}]},"10":{"loc":{"start":{"line":164,"column":21},"end":{"line":164,"column":54}},"type":"cond-expr","locations":[{"start":{"line":164,"column":39},"end":{"line":164,"column":46}},{"start":{"line":164,"column":49},"end":{"line":164,"column":54}}]},"11":{"loc":{"start":{"line":177,"column":16},"end":{"line":177,"column":55}},"type":"cond-expr","locations":[{"start":{"line":177,"column":34},"end":{"line":177,"column":43}},{"start":{"line":177,"column":46},"end":{"line":177,"column":55}}]},"12":{"loc":{"start":{"line":190,"column":7},"end":{"line":231,"column":null}},"type":"binary-expr","locations":[{"start":{"line":190,"column":7},"end":{"line":190,"column":21}},{"start":{"line":191,"column":8},"end":{"line":230,"column":null}}]},"13":{"loc":{"start":{"line":200,"column":17},"end":{"line":200,"column":63}},"type":"cond-expr","locations":[{"start":{"line":200,"column":33},"end":{"line":200,"column":47}},{"start":{"line":200,"column":50},"end":{"line":200,"column":63}}]},"14":{"loc":{"start":{"line":205,"column":19},"end":{"line":205,"column":71}},"type":"cond-expr","locations":[{"start":{"line":205,"column":35},"end":{"line":205,"column":50}},{"start":{"line":205,"column":53},"end":{"line":205,"column":71}}]},"15":{"loc":{"start":{"line":219,"column":15},"end":{"line":227,"column":null}},"type":"binary-expr","locations":[{"start":{"line":219,"column":15},"end":{"line":219,"column":28}},{"start":{"line":220,"column":16},"end":{"line":226,"column":null}}]}},"s":{"0":1,"1":1,"2":1,"3":1,"4":1,"5":1,"6":0,"7":1,"8":2,"9":2,"10":2,"11":2,"12":0,"13":2,"14":0,"15":2,"16":1,"17":0,"18":2,"19":0,"20":0,"21":0,"22":2,"23":0,"24":0,"25":0,"26":0,"27":0,"28":0,"29":0,"30":2,"31":0,"32":2,"33":0,"34":2,"35":2,"36":2,"37":2,"38":2,"39":2,"40":2,"41":2,"42":2,"43":2,"44":2,"45":1,"46":0},"f":{"0":0,"1":2,"2":0,"3":0,"4":1,"5":0,"6":0,"7":0,"8":0,"9":0},"b":{"0":[0,0],"1":[0,0],"2":[0],"3":[1,0],"4":[0],"5":[0,0],"6":[0],"7":[0,2],"8":[0,2],"9":[0,2],"10":[0,2],"11":[0,2],"12":[2,0],"13":[0,0],"14":[0,0],"15":[0,0]}}
[...]
umn":24},"end":{"line":97,"column":37}},"104":{"start":{"line":98,"column":6},"end":{"line":98,"column":37}},"105":{"start":{"line":98,"column":24},"end":{"line":98,"column":37}},"106":{"start":{"line":99,"column":6},"end":{"line":99,"column":12}},"107":{"start":{"line":102,"column":8},"end":{"line":102,"column":37}},"108":{"start":{"line":102,"column":24},"end":{"line":102,"column":37}},"109":{"start":{"line":103,"column":8},"end":{"line":103,"column":42}},"110":{"start":{"line":103,"column":26},"end":{"line":103,"column":42}},"111":{"start":{"line":104,"column":8},"end":{"line":104,"column":40}},"112":{"start":{"line":104,"column":24},"end":{"line":104,"column":40}},"113":{"start":{"line":105,"column":8},"end":{"line":105,"column":39}},"114":{"start":{"line":105,"column":26},"end":{"line":105,"column":39}},"115":{"start":{"line":106,"column":8},"end":{"line":106,"column":14}},"116":{"start":{"line":109,"column":8},"end":{"line":109,"column":37}},"117":{"start":{"line":109,"column":24},"end":{"line":109,"column":37}},"118":{"start":{"line":110,"column":8},"end":{"line":110,"column":40}},"119":{"start":{"line":110,"column":24},"end":{"line":110,"column":40}},"120":{"start":{"line":111,"column":8},"end":{"line":111,"column":40}},"121":{"start":{"line":111,"column":24},"end":{"line":111,"column":40}},"122":{"start":{"line":112,"column":8},"end":{"line":112,"column":39}},"123":{"start":{"line":112,"column":26},"end":{"line":112,"column":39}},"124":{"start":{"line":113,"column":8},"end":{"line":113,"column":14}},"125":{"start":{"line":116,"column":6},"end":{"line":116,"column":16}},"126":{"start":{"line":119,"column":2},"end":{"line":119,"column":12}},"127":{"start":{"line":122,"column":36},"end":{"line":162,"column":1}},"128":{"start":{"line":123,"column":28},"end":{"line":123,"column":43}},"129":{"start":{"line":125,"column":2},"end":{"line":131,"column":9}},"130":{"start":{"line":126,"column":23},"end":{"line":128,"column":11}},"131":{"start":{"line":127,"column":6},"end":{"line":127,"column":42}},"132":{"start":{"line":127,"column":30},"end":{"line":127,"column":40}},"133":{"start":{"line":130,"column":4},"end":{"line":130,"column":43}},"134":{"start":{"line":130,"column":17},"end":{"line":130,"column":42}},"135":{"start":{"line":133,"column":16},"end":{"line":133,"column":109}},"136":{"start":{"line":135,"column":2},"end":{"line":137,"column":29}},"137":{"start":{"line":136,"column":4},"end":{"line":136,"column":25}},"138":{"start":{"line":139,"column":2},"end":{"line":161,"column":4}},"139":{"start":{"line":164,"column":0},"end":{"line":164,"column":21}}},"fnMap":{"0":{"name":"(anonymous_0)","decl":{"start":{"line":10,"column":22},"end":{"line":10,"column":23}},"loc":{"start":{"line":10,"column":74},"end":{"line":120,"column":1}}},"1":{"name":"(anonymous_1)","decl":{"start":{"line":122,"column":36},"end":{"line":122,"column":37}},"loc":{"start":{"line":122,"column":82},"end":{"line":162,"column":1}}},"2":{"name":"(anonymous_2)","decl":{"start":{"line":125,"column":12},"end":{"line":125,"column":15}},"loc":{"start":{"line":125,"column":17},"end":{"line":131,"column":3}}},"3":{"name":"(anonymous_3)","decl":{"start":{"line":126,"column":35},"end":{"line":126,"column":38}},"loc":{"start":{"line":126,"column":40},"end":{"line":128,"column":5}}},"4":{"name":"(anonymous_4)","decl":{"start":{"line":127,"column":15},"end":{"line":127,"column":16}},"loc":{"start":{"line":127,"column":30},"end":{"line":127,"column":40}}},"5":{"name":"(anonymous_5)","decl":{"start":{"line":130,"column":11},"end":{"line":130,"column":14}},"loc":{"start":{"line":130,"column":17},"end":{"line":130,"column":42}}},"6":{"name":"(anonymous_6)","decl":{"start":{"line":135,"column":12},"end":{"line":135,"column":15}},"loc":{"start":{"line":135,"column":17},"end":{"line":137,"column":3}}}},"branchMap":{"0":{"loc":{"start":{"line":11,"column":2},"end":{"line":11,"column":37}},"type":"if","locations":[{"start":{"line":11,"column":2},"end":{"line":11,"column":37}}]},"1":{"loc":{"start":{"line":13,"column":2},"end":{"line":117,"column":null}},"type":"switch","locations":[{"start":{"line":14,"column":4},"end":{"line":20,"column":12}},{"start":{"line":22,"column":4},"end":{"line":27,"column":12}},{"start":{"line":29,"column":4},"end":{"line":32,"column":12}},{"start":{"line":34,"column":4},"end":{"line":37,"column":12}},{"start":{"line":39,"column":4},"end":{"line":42,"column":12}},{"start":{"line":44,"column":4},"end":{"line":49,"column":12}},{"start":{"line":51,"column":6},"end":{"line":56,"column":14}},{"start":{"line":58,"column":6},"end":{"line":61,"column":12}},{"start":{"line":63,"column":6},"end":{"line":68,"column":14}},{"start":{"line":70,"column":8},"end":{"line":75,"column":14}},{"start":{"line":77,"column":8},"end":{"line":82,"column":14}},{"start":{"line":84,"column":6},"end":{"line":87,"column":12}},{"start":{"line":89,"column":6},"end":{"line":94,"column":14}},{"start":{"line":96,"column":8},"end":{"line":99,"column":12}},{"start":{"line":101,"column":6},"end":{"line":106,"column":14}},{"start":{"line":108,"column":8},"end":{"line":113,"column":14}},{"start":{"line":115,"column":4},"end":{"line":116,"column":16}}]},"2":{"loc":{"start":{"line":16,"column":6},"end":{"line":16,"column":36}},"type":"if","locations":[{"start":{"line":16,"column":6},"end":{"line":16,"column":36}}]},"3":{"loc":{"start":{"line":17,"column":6},"end":{"line":17,"column":39}},"type":"if","locations":[{"start":{"line":17,"column":6},"end":{"line":17,"column":39}}]},"4":{"loc":{"start":{"line":18,"column":6},"end":{"line":18,"column":36}},"type":"if","locations":[{"start":{"line":18,"column":6},"end":{"line":18,"column":36}}]},"5":{"loc":{"start":{"line":19,"column":6},"end":{"line":19,"column":39}},"type":"if","locations":[{"start":{"line":19,"column":6},"end":{"line":19,"column":39}}]},"6":{"loc":{"start":{"line":23,"column":6},"end":{"line":23,"column":35}},"type":"if","locations":[{"start":{"line":23,"column":6},"end":{"line":23,"column":35}}]},"7":{"loc":{"start":{"line":24,"column":6},"end":{"line":24,"column":38}},"type":"if","locations":[{"start":{"line":24,"column":6},"end":{"line":24,"column":38}}]},"8":{"loc":{"start":{"line":25,"column":6},"end":{"line":25,"column":38}},"type":"if","locations":[{"start":{"line":25,"column":6},"end":{"line":25,"column":38}}]},"9":{"loc":{"start":{"line":26,"column":6},"end":{"line":26,"column":35}},"type":"if","locations":[{"start":{"line":26,"column":6},"end":{"line":26,"column":35}}]},"10":{"loc":{"start":{"line":30,"column":6},"end":{"line":30,"column":37}},"type":"if","locations":[{"start":{"line":30,"column":6},"end":{"line":30,"column":37}}]},"11":{"loc":{"start":{"line":31,"column":6},"end":{"line":31,"column":40}},"type":"if","locations":[{"start":{"line":31,"column":6},"end":{"line":31,"column":40}}]},"12":{"loc":{"start":{"line":35,"column":6},"end":{"line":35,"column":37}},"type":"if","locations":[{"start":{"line":35,"column":6},"end":{"line":35,"column":37}}]},"13":{"loc":{"start":{"line":36,"column":6},"end":{"line":36,"column":40}},"type":"if","locations":[{"start":{"line":36,"column":6},"end":{"line":36,"column":40}}]},"14":{"loc":{"start":{"line":40,"column":6},"end":{"line":40,"column":36}},"type":"if","locations":[{"start":{"line":40,"column":6},"end":{"line":40,"column":36}}]},"15":{"loc":{"start":{"line":41,"column":6},"end":{"line":41,"column":36}},"type":"if","locations":[{"start":{"line":41,"column":6},"end":{"line":41,"column":36}}]},"16":{"loc":{"start":{"line":45,"column":6},"end":{"line":45,"column":37}},"type":"if","locations":[{"start":{"line":45,"column":6},"end":{"line":45,"column":37}}]},"17":{"loc":{"start":{"line":46,"column":6},"end":{"line":46,"column":39}},"type":"if","locations":[{"start":{"line":46,"column":6},"end":{"line":46,"column":39}}]},"18":{"loc":{"start":{"line":47,"column":6},"end":{"line":47,"column":40}},"type":"if","locations":[{"start":{"line":47,"column":6},"end":{"line":47,"column":40}}]},"19":{"loc":{"start":{"line":48,"column":6},"end":{"line":48,"column":37}},"type":"if","locations":[{"start":{"line":48,"column":6},"end":{"line":48,"column":37}}]},"20":{"loc":{"start":{"line":52,"column":8},"end":{"line":52,"column":38}},"type":"if","locations":[{"start":{"line":52,"column":8},"end":{"line":52,"column":38}}]},"21":{"loc":{"start":{"line":53,"column":8},"end":{"line":53,"column":41}},"type":"if","locations":[{"start":{"line":53,"column":8},"end":{"line":53,"column":41}}]},"22":{"loc":{"start":{"line":54,"column":8},"end":{"line":54,"column":41}},"type":"if","locations":[{"start":{"line":54,"column":8},"end":{"line":54,"column":41}}]},"23":{"loc":{"start":{"line":55,"column":8},"end":{"line":55,"column":38}},"type":"if","locations":[{"start":{"line":55,"column":8},"end":{"line":55,"column":38}}]},"24":{"loc":{"start":{"line":59,"column":6},"end":{"line":59,"column":36}},"type":"if","locations":[{"start":{"line":59,"column":6},"end":{"line":59,"column":36}}]},"25":{"loc":{"start":{"line":60,"column":6},"end":{"line":60,"column":36}},"type":"if","locations":[{"start":{"line":60,"column":6},"end":{"line":60,"column":36}}]},"26":{"loc":{"start":{"line":64,"column":8},"end":{"line":64,"column":37}},"type":"if","locations":[{"start":{"line":64,"column":8},"end":{"line":64,"column":37}}]},"27":{"loc":{"start":{"line":65,"column":8},"end":{"line":65,"column":40}},"type":"if","locations":[{"start":{"line":65,"column":8},"end":{"line":65,"column":40}}]},"28":{"loc":{"start":{"line":66,"column":8},"end":{"line":66,"column":40}},"type":"if","locations":[{"start":{"line":66,"column":8},"end":{"line":66,"column":40}}]},"29":{"loc":{"start":{"line":67,"column":8},"end":{"line":67,"column":37}},"type":"if","locations":[{"start":{"line":67,"column":8},"end":{"line":67,"column":37}}]},"30":{"loc":{"start":{"line":71,"column":8},"end":{"line":71,"column":39}},"type":"if","locations":[{"start":{"line":71,"column":8},"end":{"line":71,"column":39}}]},"31":{"loc":{"start":{"line":72,"column":8},"end":{"line":72,"column":42}},"type":"if","locations":[{"start":{"line":72,"column":8},"end":{"line":72,"column":42}}]},"32":{"loc":{"start":{"line":73,"column":8},"end":{"line":73,"column":40}},"type":"if","locations":[{"start":{"line":73,"column":8},"end":{"line":73,"column":40}}]},"33":{"loc":{"start":{"line":74,"column":8},"end":{"line":74,"column":37}},"type":"if","locations":[{"start":{"line":74,"column":8},"end":{"line":74,"column":37}}]},"34":{"loc":{"start":{"line":78,"column":8},"end":{"line":78,"column":37}},"type":"if","locations":[{"start":{"line":78,"column":8},"end":{"line":78,"column":37}}]},"35":{"loc":{"start":{"line":79,"column":8},"end":{"line":79,"column":40}},"type":"if","locations":[{"start":{"line":79,"column":8},"end":{"line":79,"column":40}}]},"36":{"loc":{"start":{"line":80,"column":8},"end":{"line":80,"column":40}},"type":"if","locations":[{"start":{"line":80,"column":8},"end":{"line":80,"column":40}}]},"37":{"loc":{"start":{"line":81,"column":8},"end":{"line":81,"column":37}},"type":"if","locations":[{"start":{"line":81,"column":8},"end":{"line":81,"column":37}}]},"38":{"loc":{"start":{"line":85,"column":6},"end":{"line":85,"column":37}},"type":"if","locations":[{"start":{"line":85,"column":6},"end":{"line":85,"column":37}}]},"39":{"loc":{"start":{"line":86,"column":6},"end":{"line":86,"column":37}},"type":"if","locations":[{"start":{"line":86,"column":6},"end":{"line":86,"column":37}}]},"40":{"loc":{"start":{"line":90,"column":8},"end":{"line":90,"column":37}},"type":"if","locations":[{"start":{"line":90,"column":8},"end":{"line":90,"column":37}}]},"41":{"loc":{"start":{"line":91,"column":8},"end":{"line":91,"column":40}},"type":"if","locations":[{"start":{"line":91,"column":8},"end":{"line":91,"column":40}}]},"42":{"loc":{"start":{"line":92,"column":8},"end":{"line":92,"column":40}},"type":"if","locations":[{"start":{"line":92,"column":8},"end":{"line":92,"column":40}}]},"43":{"loc":{"start":{"line":93,"column":8},"end":{"line":93,"column":38}},"type":"if","locations":[{"start":{"line":93,"column":8},"end":{"line":93,"column":38}}]},"44":{"loc":{"start":{"line":97,"column":6},"end":{"line":97,"column":37}},"type":"if","locations":[{"start":{"line":97,"column":6},"end":{"line":97,"column":37}}]},"45":{"loc":{"start":{"line":98,"column":6},"end":{"line":98,"column":37}},"type":"if","locations":[{"start":{"line":98,"column":6},"end":{"line":98,"column":37}}]},"46":{"loc":{"start":{"line":102,"column":8},"end":{"line":102,"column":37}},"type":"if","locations":[{"start":{"line":102,"column":8},"end":{"line":102,"column":37}}]},"47":{"loc":{"start":{"line":103,"column":8},"end":{"line":103,"column":42}},"type":"if","locations":[{"start":{"line":103,"column":8},"end":{"line":103,"column":42}}]},"48":{"loc":{"start":{"line":104,"column":8},"end":{"line":104,"column":40}},"type":"if","locations":[{"start":{"line":104,"column":8},"end":{"line":104,"column":40}}]},"49":{"loc":{"start":{"line":105,"column":8},"end":{"line":105,"column":39}},"type":"if","locations":[{"start":{"line":105,"column":8},"end":{"line":105,"column":39}}]},"50":{"loc":{"start":{"line":109,"column":8},"end":{"line":109,"column":37}},"type":"if","locations":[{"start":{"line":109,"column":8},"end":{"line":109,"column":37}}]},"51":{"loc":{"start":{"line":110,"column":8},"end":{"line":110,"column":40}},"type":"if","locations":[{"start":{"line":110,"column":8},"end":{"line":110,"column":40}}]},"52":{"loc":{"start":{"line":111,"column":8},"end":{"line":111,"column":40}},"type":"if","locations":[{"start":{"line":111,"column":8},"end":{"line":111,"column":40}}]},"53":{"loc":{"start":{"line":112,"column":8},"end":{"line":112,"column":39}},"type":"if","locations":[{"start":{"line":112,"column":8},"end":{"line":112,"column":39}}]},"54":{"loc":{"start":{"line":133,"column":16},"end":{"line":133,"column":109}},"type":"cond-expr","locations":[{"start":{"line":133,"column":67},"end":{"line":133,"column":80}},{"start":{"line":133,"column":83},"end":{"line":133,"column":109}}]},"55":{"loc":{"start":{"line":133,"column":16},"end":{"line":133,"column":64}},"type":"binary-expr","locations":[{"start":{"line":133,"column":16},"end":{"line":133,"column":21}},{"start":{"line":133,"column":25},"end":{"line":133,"column":64}}]},"56":{"loc":{"start":{"line":143,"column":9},"end":{"line":143,"column":77}},"type":"binary-expr","locations":[{"start":{"line":143,"column":9},"end":{"line":143,"column":38}},{"start":{"line":143,"column":42},"end":{"line":143,"column":77}}]},"57":{"loc":{"start":{"line":144,"column":9},"end":{"line":144,"column":78}},"type":"binary-expr","locations":[{"start":{"line":144,"column":9},"end":{"line":144,"column":39}},{"start":{"line":144,"column":43},"end":{"line":144,"column":78}}]},"58":{"loc":{"start":{"line":145,"column":9},"end":{"line":145,"column":76}},"type":"binary-expr","locations":[{"start":{"line":145,"column":9},"end":{"line":145,"column":40}},{"start":{"line":145,"column":44},"end":{"line":145,"column":76}}]},"59":{"loc":{"start":{"line":146,"column":9},"end":{"line":146,"column":77}},"type":"binary-expr","locations":[{"start":{"line":146,"column":9},"end":{"line":146,"column":41}},{"start":{"line":146,"column":45},"end":{"line":146,"column":77}}]},"60":{"loc":{"start":{"line":147,"column":9},"end":{"line":147,"column":75}},"type":"binary-expr","locations":[{"start":{"line":147,"column":9},"end":{"line":147,"column":38}},{"start":{"line":147,"column":42},"end":{"line":147,"column":75}}]},"61":{"loc":{"start":{"line":148,"column":9},"end":{"line":148,"column":65}},"type":"binary-expr","locations":[{"start":{"line":148,"column":9},"end":{"line":148,"column":31}},{"start":{"line":148,"column":35},"end":{"line":148,"column":65}}]},"62":{"loc":{"start":{"line":149,"column":9},"end":{"line":149,"column":67}},"type":"binary-expr","locations":[{"start":{"line":149,"column":9},"end":{"line":149,"column":33}},{"start":{"line":149,"column":37},"end":{"line":149,"column":67}}]},"63":{"loc":{"start":{"line":150,"column":9},"end":{"line":150,"column":73}},"type":"binary-expr","locations":[{"start":{"line":150,"column":9},"end":{"line":150,"column":37}},{"start":{"line":150,"column":41},"end":{"line":150,"column":73}}]},"64":{"loc":{"start":{"line":151,"column":9},"end":{"line":151,"column":81}},"type":"binary-expr","locations":[{"start":{"line":151,"column":9},"end":{"line":151,"column":42}},{"start":{"line":151,"column":46},"end":{"line":151,"column":81}}]},"65":{"loc":{"start":{"line":152,"column":9},"end":{"line":152,"column":83}},"type":"binary-expr","locations":[{"start":{"line":152,"column":9},"end":{"line":152,"column":44}},{"start":{"line":152,"column":48},"end":{"line":152,"column":83}}]},"66":{"loc":{"start":{"line":153,"column":9},"end":{"line":153,"column":88}},"type":"binary-expr","locations":[{"start":{"line":153,"column":9},"end":{"line":153,"column":49}},{"start":{"line":153,"column":53},"end":{"line":153,"column":88}}]},"67":{"loc":{"start":{"line":154,"column":9},"end":{"line":154,"column":78}},"type":"binary-expr","locations":[{"start":{"line":154,"column":9},"end":{"line":154,"column":42}},{"start":{"line":154,"column":46},"end":{"line":154,"column":78}}]},"68":{"loc":{"start":{"line":155,"column":9},"end":{"line":155,"column":66}},"type":"binary-expr","locations":[{"start":{"line":155,"column":9},"end":{"line":155,"column":29}},{"start":{"line":155,"column":33},"end":{"line":155,"column":66}}]},"69":{"loc":{"start":{"line":156,"column":9},"end":{"line":156,"column":78}},"type":"binary-expr","locations":[{"start":{"line":156,"column":9},"end":{"line":156,"column":42}},{"start":{"line":156,"column":46},"end":{"line":156,"column":78}}]},"70":{"loc":{"start":{"line":157,"column":9},"end":{"line":157,"column":67}},"type":"binary-expr","locations":[{"start":{"line":157,"column":9},"end":{"line":157,"column":30}},{"start":{"line":157,"column":34},"end":{"line":157,"column":67}}]},"71":{"loc":{"start":{"line":158,"column":9},"end":{"line":158,"column":68}},"type":"binary-expr","locations":[{"start":{"line":158,"column":9},"end":{"line":158,"column":31}},{"start":{"line":158,"column":35},"end":{"line":158,"column":68}}]}},"s":{"0":2,"1":2,"2":20,"3":8,"4":12,"5":0,"6":0,"7":0,"8":0,"9":0,"10":0,"11":0,"12":0,"13":0,"14":0,"15":0,"16":0,"17":0,"18":0,"19":0,"20":0,"21":0,"22":0,"23":0,"24":0,"25":0,"26":0,"27":0,"28":0,"29":0,"30":0,"31":0,"32":0,"33":0,"34":0,"35":0,"36":0,"37":0,"38":0,"39":0,"40":0,"41":0,"42":0,"43":0,"44":0,"45":0,"46":0,"47":2,"48":2,"49":0,"50":0,"51":0,"52":0,"53":0,"54":0,"55":0,"56":2,"57":0,"58":2,"59":2,"60":0,"61":0,"62":0,"63":0,"64":0,"65":0,"66":0,"67":0,"68":0,"69":0,"70":0,"71":0,"72":0,"73":0,"74":0,"75":0,"76":0,"77":0,"78":0,"79":0,"80":0,"81":0,"82":0,"83":0,"84":0,"85":0,"86":0,"87":0,"88":2,"89":0,"90":2,"91":2,"92":0,"93":0,"94":0,"95":0,"96":0,"97":0,"98":0,"99":0,"100":0,"101":0,"102":2,"103":0,"104":2,"105":2,"106":0,"107":2,"108":2,"109":0,"110":0,"111":0,"112":0,"113":0,"114":0,"115":0,"116":2,"117":2,"118":0,"119":0,"120":0,"121":0,"122":0,"123":0,"124":0,"125":0,"126":0,"127":2,"128":20,"129":20,"130":10,"131":0,"132":0,"133":10,"134":10,"135":20,"136":20,"137":20,"138":20,"139":2},"f":{"0":20,"1":20,"2":10,"3":0,"4":0,"5":10,"6":20},"b":{"0":[8],"1":[0,0,0,0,0,0,2,2,0,0,0,2,0,2,2,2,0],"2":[0],"3":[0],"4":[0],"5":[0],"6":[0],"7":[0],"8":[0],"9":[0],"10":[0],"11":[0],"12":[0],"13":[0],"14":[0],"15":[0],"16":[0],"17":[0],"18":[0],"19":[0],"20":[2],"21":[0],"22":[0],"23":[0],"24":[0],"25":[2],"26":[0],"27":[0],"28":[0],"29":[0],"30":[0],"31":[0],"32":[0],"33":[0],"34":[0],"35":[0],"36":[0],"37":[0],"38":[0],"39":[2],"40":[0],"41":[0],"42":[0],"43":[0],"44":[0],"45":[2],"46":[2],"47":[0],"48":[0],"49":[0],"50":[2],"51":[0],"52":[0],"53":[0],"54":[0,20],"55":[20,0],"56":[20,0],"57":[20,0],"58":[20,0],"59":[20,0],"60":[20,0],"61":[20,0],"62":[20,2],"63":[20,2],"64":[20,2],"65":[20,2],"66":[20,2],"67":[20,2],"68":[20,2],"69":[20,2],"70":[20,2],"71":[20,2]}}
}
