TN:
SF:src\pages\Dioda10Button.tsx
FN:13,(anonymous_0)
FN:22,(anonymous_1)
FN:27,(anonymous_2)
FN:31,(anonymous_3)
FN:35,(anonymous_4)
FN:41,(anonymous_5)
FN:50,(anonymous_6)
FN:66,(anonymous_7)
FNF:8
FNH:2
FNDA:0,(anonymous_0)
FNDA:2,(anonymous_1)
FNDA:0,(anonymous_2)
FNDA:0,(anonymous_3)
FNDA:1,(anonymous_4)
FNDA:0,(anonymous_5)
FNDA:0,(anonymous_6)
FNDA:0,(anonymous_7)
DA:1,1
DA:2,1
DA:3,1
DA:4,1
DA:5,1
DA:13,1
DA:14,0
DA:22,1
DA:23,2
DA:24,2
DA:25,2
DA:27,2
DA:28,0
DA:31,2
DA:32,0
DA:35,2
DA:36,1
DA:37,0
DA:41,2
DA:42,0
DA:43,0
DA:44,0
DA:45,0
DA:46,0
DA:50,2
DA:51,0
DA:52,0
DA:53,0
DA:54,0
DA:57,0
DA:58,0
DA:60,0
DA:61,0
DA:62,0
DA:66,2
DA:67,0
DA:70,2
DA:84,2
DA:88,2
DA:96,2
DA:109,2
DA:122,2
DA:130,2
DA:149,2
DA:161,2
DA:210,1
LF:46
LH:27
BRDA:16,0,0,0
BRDA:16,0,1,0
BRDA:16,1,0,0
BRDA:16,1,1,0
BRDA:36,2,0,0
BRDA:36,3,0,1
BRDA:36,3,1,0
BRDA:42,4,0,0
BRDA:52,5,0,0
BRDA:52,5,1,0
BRDA:57,6,0,0
BRDA:105,7,0,0
BRDA:105,7,1,2
BRDA:117,8,0,0
BRDA:117,8,1,2
BRDA:132,9,0,0
BRDA:132,9,1,2
BRDA:157,10,0,0
BRDA:157,10,1,2
BRDA:170,11,0,2
BRDA:170,11,1,0
BRF:21
BRH:6
end_of_record
TN:
SF:src\pages\Dioda11Button.tsx
FN:17,(anonymous_0)
FN:26,(anonymous_1)
FN:31,(anonymous_2)
FN:35,(anonymous_3)
FN:39,(anonymous_4)
FN:45,(anonymous_5)
FN:52,(anonymous_6)
FN:67,(anonymous_7)
FN:72,(anonymous_8)
FN:237,updatePumpData
FNF:10
FNH:2
FNDA:0,(anonymous_0)
FNDA:2,(anonymous_1)
FNDA:0,(anonymous_2)
FNDA:0,(anonymous_3)
FNDA:1,(anonymous_4)
FNDA:0,(anonymous_5)
FNDA:0,(anonymous_6)
FNDA:0,(anonymous_7)
FNDA:0,(anonymous_8)
FNDA:0,updatePumpData
DA:1,1
DA:2,1
DA:3,1
DA:4,1
DA:5,1
DA:17,1
DA:18,0
DA:26,1
DA:27,2
DA:28,2
DA:29,2
DA:31,2
DA:32,0
DA:35,2
DA:36,0
DA:39,2
DA:40,1
DA:41,0
DA:45,2
DA:46,0
DA:47,0
DA:48,0
DA:52,2
DA:53,0
DA:54,0
DA:56,0
DA:59,0
DA:60,0
DA:62,0
DA:63,0
DA:67,2
DA:68,0
DA:72,2
DA:73,0
DA:76,2
DA:90,2
DA:94,2
DA:102,2
DA:110,2
DA:118,2
DA:124,2
DA:143,2
DA:156,2
DA:169,2
DA:181,2
DA:236,1
DA:238,0
LF:47
LH:30
BRDA:20,0,0,0
BRDA:20,0,1,0
BRDA:20,1,0,0
BRDA:20,1,1,0
BRDA:40,2,0,0
BRDA:40,3,0,1
BRDA:40,3,1,0
BRDA:46,4,0,0
BRDA:54,5,0,0
BRDA:54,5,1,0
BRDA:59,6,0,0
BRDA:115,7,0,0
BRDA:115,7,1,2
BRDA:126,8,0,0
BRDA:126,8,1,2
BRDA:152,9,0,0
BRDA:152,9,1,2
BRDA:164,10,0,0
BRDA:164,10,1,2
BRDA:177,11,0,0
BRDA:177,11,1,2
BRDA:190,12,0,2
BRDA:190,12,1,0
BRDA:200,13,0,0
BRDA:200,13,1,0
BRDA:205,14,0,0
BRDA:205,14,1,0
BRDA:219,15,0,0
BRDA:219,15,1,0
BRF:29
BRH:7
end_of_record
TN:
SF:src\pages\Dioda12Button.tsx
FN:17,(anonymous_0)
FN:26,(anonymous_1)
FN:31,(anonymous_2)
FN:35,(anonymous_3)
FN:39,(anonymous_4)
FN:45,(anonymous_5)
FN:52,(anonymous_6)
FN:67,(anonymous_7)
FN:72,(anonymous_8)
FN:237,updatePumpData
FNF:10
FNH:2
FNDA:0,(anonymous_0)
FNDA:2,(anonymous_1)
FNDA:0,(anonymous_2)
FNDA:0,(anonymous_3)
FNDA:1,(anonymous_4)
FNDA:0,(anonymous_5)
FNDA:0,(anonymous_6)
FNDA:0,(anonymous_7)
FNDA:0,(anonymous_8)
FNDA:0,updatePumpData
DA:1,1
DA:2,1
DA:3,1
DA:4,1
DA:5,1
DA:17,1
DA:18,0
DA:26,1
DA:27,2
DA:28,2
DA:29,2
DA:31,2
DA:32,0
DA:35,2
DA:36,0
DA:39,2
DA:40,1
DA:41,0
DA:45,2
DA:46,0
DA:47,0
DA:48,0
DA:52,2
DA:53,0
DA:54,0
DA:56,0
DA:59,0
DA:60,0
DA:62,0
DA:63,0
DA:67,2
DA:68,0
DA:72,2
DA:73,0
DA:76,2
DA:90,2
DA:94,2
DA:102,2
DA:110,2
DA:118,2
DA:124,2
DA:143,2
DA:156,2
DA:169,2
DA:181,2
DA:236,1
DA:238,0
LF:47
LH:30
BRDA:20,0,0,0
BRDA:20,0,1,0
BRDA:20,1,0,0
BRDA:20,1,1,0
BRDA:40,2,0,0
BRDA:40,3,0,1
BRDA:40,3,1,0
BRDA:46,4,0,0
BRDA:54,5,0,0
BRDA:54,5,1,0
BRDA:59,6,0,0
BRDA:115,7,0,0
BRDA:115,7,1,2
BRDA:126,8,0,0
BRDA:126,8,1,2
BRDA:152,9,0,0
BRDA:152,9,1,2
BRDA:164,10,0,0
BRDA:164,10,1,2
BRDA:177,11,0,0
BRDA:177,11,1,2
BRDA:190,12,0,2
BRDA:190,12,1,0
BRDA:200,13,0,0
BRDA:200,13,1,0
BRDA:205,14,0,0
BRDA:205,14,1,0
BRDA:219,15,0,0
BRDA:219,15,1,0
BRF:29
BRH:7
end_of_record
TN:
SF:src\pages\Dioda13Button.tsx
FN:13,(anonymous_0)
FN:22,(anonymous_1)
FN:26,(anonymous_2)
FN:30,(anonymous_3)
FN:39,(anonymous_4)
FN:55,(anonymous_5)
FN:121,(anonymous_6)
FNF:7
FNH:1
FNDA:0,(anonymous_0)
FNDA:1,(anonymous_1)
FNDA:0,(anonymous_2)
FNDA:0,(anonymous_3)
FNDA:0,(anonymous_4)
FNDA:0,(anonymous_5)
FNDA:0,(anonymous_6)
DA:1,3
DA:2,3
DA:3,3
DA:4,3
DA:13,3
DA:14,0
DA:22,3
DA:23,1
DA:24,1
DA:25,1
DA:26,1
DA:27,0
DA:30,1
DA:31,0
DA:32,0
DA:33,0
DA:34,0
DA:35,0
DA:39,1
DA:40,0
DA:41,0
DA:42,0
DA:43,0
DA:44,0
DA:46,0
DA:47,0
DA:49,0
DA:50,0
DA:51,0
DA:55,1
DA:56,0
DA:59,1
DA:66,1
DA:79,1
DA:97,1
DA:109,1
DA:121,1
DA:122,0
DA:124,1
DA:128,1
DA:175,3
LF:41
LH:22
BRDA:16,0,0,0
BRDA:16,0,1,0
BRDA:16,1,0,0
BRDA:16,1,1,0
BRDA:31,2,0,0
BRDA:42,3,0,0
BRDA:42,3,1,0
BRDA:46,4,0,0
BRDA:81,5,0,0
BRDA:81,5,1,1
BRDA:105,6,0,0
BRDA:105,6,1,1
BRDA:118,7,0,0
BRDA:118,7,1,1
BRDA:134,8,0,1
BRDA:134,8,1,0
BRF:16
BRH:4
end_of_record
TN:
SF:src\pages\Dioda14Button.tsx
FN:13,(anonymous_0)
FN:22,(anonymous_1)
FN:26,(anonymous_2)
FN:30,(anonymous_3)
FN:39,(anonymous_4)
FN:55,(anonymous_5)
FN:121,(anonymous_6)
FNF:7
FNH:0
FNDA:0,(anonymous_0)
FNDA:0,(anonymous_1)
FNDA:0,(anonymous_2)
FNDA:0,(anonymous_3)
FNDA:0,(anonymous_4)
FNDA:0,(anonymous_5)
FNDA:0,(anonymous_6)
DA:1,2
DA:2,2
DA:3,2
DA:4,2
DA:13,2
DA:14,0
DA:22,2
DA:23,0
DA:24,0
DA:25,0
DA:26,0
DA:27,0
DA:30,0
DA:31,0
DA:32,0
DA:33,0
DA:34,0
DA:35,0
DA:39,0
DA:40,0
DA:41,0
DA:42,0
DA:43,0
DA:44,0
DA:46,0
DA:47,0
DA:49,0
DA:50,0
DA:51,0
DA:55,0
DA:56,0
DA:59,0
DA:66,0
DA:79,0
DA:97,0
DA:109,0
DA:121,0
DA:122,0
DA:124,0
DA:128,0
DA:175,2
LF:41
LH:7
BRDA:16,0,0,0
BRDA:16,0,1,0
BRDA:16,1,0,0
BRDA:16,1,1,0
BRDA:31,2,0,0
BRDA:42,3,0,0
BRDA:42,3,1,0
BRDA:46,4,0,0
BRDA:81,5,0,0
BRDA:81,5,1,0
BRDA:105,6,0,0
BRDA:105,6,1,0
BRDA:118,7,0,0
BRDA:118,7,1,0
BRDA:134,8,0,0
BRDA:134,8,1,0
BRF:16
BRH:0
end_of_record
TN:
SF:src\pages\Dioda15Button.tsx
FN:13,(anonymous_0)
FN:22,(anonymous_1)
FN:26,(anonymous_2)
FN:30,(anonymous_3)
FN:39,(anonymous_4)
FN:55,(anonymous_5)
FN:121,(anonymous_6)
FNF:7
FNH:0
FNDA:0,(anonymous_0)
FNDA:0,(anonymous_1)
FNDA:0,(anonymous_2)
FNDA:0,(anonymous_3)
FNDA:0,(anonymous_4)
FNDA:0,(anonymous_5)
FNDA:0,(anonymous_6)
DA:1,2
DA:2,2
DA:3,2
DA:4,2
DA:13,2
DA:14,0
DA:22,2
DA:23,0
DA:24,0
DA:25,0
DA:26,0
DA:27,0
DA:30,0
DA:31,0
DA:32,0
DA:33,0
DA:34,0
DA:35,0
DA:39,0
DA:40,0
DA:41,0
DA:42,0
DA:43,0
DA:44,0
DA:46,0
DA:47,0
DA:49,0
DA:50,0
DA:51,0
DA:55,0
DA:56,0
DA:59,0
DA:66,0
DA:79,0
DA:97,0
DA:109,0
DA:121,0
DA:122,0
DA:124,0
DA:128,0
DA:175,2
LF:41
LH:7
BRDA:16,0,0,0
BRDA:16,0,1,0
BRDA:16,1,0,0
BRDA:16,1,1,0
BRDA:31,2,0,0
BRDA:42,3,0,0
BRDA:42,3,1,0
BRDA:46,4,0,0
BRDA:81,5,0,0
BRDA:81,5,1,0
BRDA:105,6,0,0
BRDA:105,6,1,0
BRDA:118,7,0,0
BRDA:118,7,1,0
BRDA:134,8,0,0
BRDA:134,8,1,0
BRF:16
BRH:0
end_of_record
TN:
SF:src\pages\Dioda16Button.tsx
FN:13,(anonymous_0)
FN:22,(anonymous_1)
FN:26,(anonymous_2)
FN:30,(anonymous_3)
FN:39,(anonymous_4)
FN:55,(anonymous_5)
FN:121,(anonymous_6)
FNF:7
FNH:0
FNDA:0,(anonymous_0)
FNDA:0,(anonymous_1)
FNDA:0,(anonymous_2)
FNDA:0,(anonymous_3)
FNDA:0,(anonymous_4)
FNDA:0,(anonymous_5)
FNDA:0,(anonymous_6)
DA:1,2
DA:2,2
DA:3,2
DA:4,2
DA:13,2
DA:14,0
DA:22,2
DA:23,0
DA:24,0
DA:25,0
DA:26,0
DA:27,0
DA:30,0
DA:31,0
DA:32,0
DA:33,0
DA:34,0
DA:35,0
DA:39,0
DA:40,0
DA:41,0
DA:42,0
DA:43,0
DA:44,0
DA:46,0
DA:47,0
DA:49,0
DA:50,0
DA:51,0
DA:55,0
DA:56,0
DA:59,0
DA:66,0
DA:79,0
DA:97,0
DA:109,0
DA:121,0
DA:122,0
DA:124,0
DA:128,0
DA:175,2
LF:41
LH:7
BRDA:16,0,0,0
BRDA:16,0,1,0
BRDA:16,1,0,0
BRDA:16,1,1,0
BRDA:31,2,0,0
BRDA:42,3,0,0
BRDA:42,3,1,0
BRDA:46,4,0,0
BRDA:81,5,0,0
BRDA:81,5,1,0
BRDA:105,6,0,0
BRDA:105,6,1,0
BRDA:118,7,0,0
BRDA:118,7,1,0
BRDA:134,8,0,0
BRDA:134,8,1,0
BRF:16
BRH:0
end_of_record
TN:
SF:src\pages\Dioda1Button.tsx
FN:13,(anonymous_0)
FN:22,(anonymous_1)
FN:27,(anonymous_2)
FN:31,(anonymous_3)
FN:35,(anonymous_4)
FN:41,(anonymous_5)
FN:50,(anonymous_6)
FN:65,(anonymous_7)
FNF:8
FNH:2
FNDA:0,(anonymous_0)
FNDA:2,(anonymous_1)
FNDA:0,(anonymous_2)
FNDA:0,(anonymous_3)
FNDA:1,(anonymous_4)
FNDA:0,(anonymous_5)
FNDA:0,(anonymous_6)
FNDA:0,(anonymous_7)
DA:1,1
DA:2,1
DA:3,1
DA:4,1
DA:5,1
DA:13,1
DA:14,0
DA:22,1
DA:23,2
DA:24,2
DA:25,2
DA:27,2
DA:28,0
DA:31,2
DA:32,0
DA:35,2
DA:36,1
DA:37,0
DA:41,2
DA:42,0
DA:43,0
DA:44,0
DA:45,0
DA:46,0
DA:50,2
DA:51,0
DA:52,0
DA:53,0
DA:54,0
DA:56,0
DA:57,0
DA:59,0
DA:60,0
DA:61,0
DA:65,2
DA:66,0
DA:69,2
DA:83,2
DA:87,2
DA:95,2
DA:108,2
DA:121,2
DA:129,2
DA:148,2
DA:160,2
DA:207,1
LF:46
LH:27
BRDA:16,0,0,0
BRDA:16,0,1,0
BRDA:16,1,0,0
BRDA:16,1,1,0
BRDA:36,2,0,0
BRDA:36,3,0,1
BRDA:36,3,1,0
BRDA:42,4,0,0
BRDA:52,5,0,0
BRDA:52,5,1,0
BRDA:56,6,0,0
BRDA:104,7,0,0
BRDA:104,7,1,2
BRDA:116,8,0,0
BRDA:116,8,1,2
BRDA:131,9,0,0
BRDA:131,9,1,2
BRDA:156,10,0,0
BRDA:156,10,1,2
BRDA:169,11,0,2
BRDA:169,11,1,0
BRF:21
BRH:6
end_of_record
TN:
SF:src\pages\Dioda2Button.tsx
FN:13,(anonymous_0)
FN:22,(anonymous_1)
FN:27,(anonymous_2)
FN:31,(anonymous_3)
FN:35,(anonymous_4)
FN:41,(anonymous_5)
FN:50,(anonymous_6)
FN:66,(anonymous_7)
FNF:8
FNH:2
FNDA:0,(anonymous_0)
FNDA:2,(anonymous_1)
FNDA:0,(anonymous_2)
FNDA:0,(anonymous_3)
FNDA:1,(anonymous_4)
FNDA:0,(anonymous_5)
FNDA:0,(anonymous_6)
FNDA:0,(anonymous_7)
DA:1,1
DA:2,1
DA:3,1
DA:4,1
DA:5,1
DA:13,1
DA:14,0
DA:22,1
DA:23,2
DA:24,2
DA:25,2
DA:27,2
DA:28,0
DA:31,2
DA:32,0
DA:35,2
DA:36,1
DA:37,0
DA:41,2
DA:42,0
DA:43,0
DA:44,0
DA:45,0
DA:46,0
DA:50,2
DA:51,0
DA:52,0
DA:53,0
DA:54,0
DA:57,0
DA:58,0
DA:60,0
DA:61,0
DA:62,0
DA:66,2
DA:67,0
DA:70,2
DA:84,2
DA:88,2
DA:96,2
DA:109,2
DA:122,2
DA:130,2
DA:149,2
DA:161,2
DA:210,1
LF:46
LH:27
BRDA:16,0,0,0
BRDA:16,0,1,0
BRDA:16,1,0,0
BRDA:16,1,1,0
BRDA:36,2,0,0
BRDA:36,3,0,1
BRDA:36,3,1,0
BRDA:42,4,0,0
BRDA:52,5,0,0
BRDA:52,5,1,0
BRDA:57,6,0,0
BRDA:105,7,0,0
BRDA:105,7,1,2
BRDA:117,8,0,0
BRDA:117,8,1,2
BRDA:132,9,0,0
BRDA:132,9,1,2
BRDA:157,10,0,0
BRDA:157,10,1,2
BRDA:170,11,0,2
BRDA:170,11,1,0
BRF:21
BRH:6
end_of_record
TN:
SF:src\pages\Dioda3Button.tsx
FN:17,(anonymous_0)
FN:26,(anonymous_1)
FN:31,(anonymous_2)
FN:35,(anonymous_3)
FN:39,(anonymous_4)
FN:45,(anonymous_5)
FN:52,(anonymous_6)
FN:67,(anonymous_7)
FN:72,(anonymous_8)
FN:237,updatePumpData
FNF:10
FNH:2
FNDA:0,(anonymous_0)
FNDA:2,(anonymous_1)
FNDA:0,(anonymous_2)
FNDA:0,(anonymous_3)
FNDA:1,(anonymous_4)
FNDA:0,(anonymous_5)
FNDA:0,(anonymous_6)
FNDA:0,(anonymous_7)
FNDA:0,(anonymous_8)
FNDA:0,updatePumpData
DA:1,1
DA:2,1
DA:3,1
DA:4,1
DA:5,1
DA:17,1
DA:18,0
DA:26,1
DA:27,2
DA:28,2
DA:29,2
DA:31,2
DA:32,0
DA:35,2
DA:36,0
DA:39,2
DA:40,1
DA:41,0
DA:45,2
DA:46,0
DA:47,0
DA:48,0
DA:52,2
DA:53,0
DA:54,0
DA:56,0
DA:59,0
DA:60,0
DA:62,0
DA:63,0
DA:67,2
DA:68,0
DA:72,2
DA:73,0
DA:76,2
DA:90,2
DA:94,2
DA:102,2
DA:110,2
DA:118,2
DA:124,2
DA:143,2
DA:156,2
DA:169,2
DA:181,2
DA:236,1
DA:238,0
LF:47
LH:30
BRDA:20,0,0,0
BRDA:20,0,1,0
BRDA:20,1,0,0
BRDA:20,1,1,0
BRDA:40,2,0,0
BRDA:40,3,0,1
BRDA:40,3,1,0
BRDA:46,4,0,0
BRDA:54,5,0,0
BRDA:54,5,1,0
BRDA:59,6,0,0
BRDA:115,7,0,0
BRDA:115,7,1,2
BRDA:126,8,0,0
BRDA:126,8,1,2
BRDA:152,9,0,0
BRDA:152,9,1,2
BRDA:164,10,0,0
BRDA:164,10,1,2
BRDA:177,11,0,0
BRDA:177,11,1,2
BRDA:190,12,0,2
BRDA:190,12,1,0
BRDA:200,13,0,0
BRDA:200,13,1,0
BRDA:205,14,0,0
BRDA:205,14,1,0
BRDA:219,15,0,0
BRDA:219,15,1,0
BRF:29
BRH:7
end_of_record
TN:
SF:src\pages\Dioda4Button.tsx
FN:17,(anonymous_0)
FN:26,(anonymous_1)
FN:31,(anonymous_2)
FN:35,(anonymous_3)
FN:39,(anonymous_4)
FN:45,(anonymous_5)
FN:52,(anonymous_6)
FN:67,(anonymous_7)
FN:72,(anonymous_8)
FN:237,updatePumpData
FNF:10
FNH:2
FNDA:0,(anonymous_0)
FNDA:2,(anonymous_1)
FNDA:0,(anonymous_2)
FNDA:0,(anonymous_3)
FNDA:1,(anonymous_4)
FNDA:0,(anonymous_5)
FNDA:0,(anonymous_6)
FNDA:0,(anonymous_7)
FNDA:0,(anonymous_8)
FNDA:0,updatePumpData
DA:1,1
DA:2,1
DA:3,1
DA:4,1
DA:5,1
DA:17,1
DA:18,0
DA:26,1
DA:27,2
DA:28,2
DA:29,2
DA:31,2
DA:32,0
DA:35,2
DA:36,0
DA:39,2
DA:40,1
DA:41,0
DA:45,2
DA:46,0
DA:47,0
DA:48,0
DA:52,2
DA:53,0
DA:54,0
DA:56,0
DA:59,0
DA:60,0
DA:62,0
DA:63,0
DA:67,2
DA:68,0
DA:72,2
DA:73,0
DA:76,2
DA:90,2
DA:94,2
DA:102,2
DA:110,2
DA:118,2
DA:124,2
DA:143,2
DA:156,2
DA:169,2
DA:181,2
DA:236,1
DA:238,0
LF:47
LH:30
BRDA:20,0,0,0
BRDA:20,0,1,0
BRDA:20,1,0,0
BRDA:20,1,1,0
BRDA:40,2,0,0
BRDA:40,3,0,1
BRDA:40,3,1,0
BRDA:46,4,0,0
BRDA:54,5,0,0
BRDA:54,5,1,0
BRDA:59,6,0,0
BRDA:115,7,0,0
BRDA:115,7,1,2
BRDA:126,8,0,0
BRDA:126,8,1,2
BRDA:152,9,0,0
BRDA:152,9,1,2
BRDA:164,10,0,0
BRDA:164,10,1,2
BRDA:177,11,0,0
BRDA:177,11,1,2
BRDA:190,12,0,2
BRDA:190,12,1,0
BRDA:200,13,0,0
BRDA:200,13,1,0
BRDA:205,14,0,0
BRDA:205,14,1,0
BRDA:219,15,0,0
BRDA:219,15,1,0
BRF:29
BRH:7
end_of_record
TN:
SF:src\pages\Dioda5Button.tsx
FN:13,(anonymous_0)
FN:22,(anonymous_1)
FN:27,(anonymous_2)
FN:31,(anonymous_3)
FN:35,(anonymous_4)
FN:41,(anonymous_5)
FN:50,(anonymous_6)
FN:66,(anonymous_7)
FNF:8
FNH:2
FNDA:0,(anonymous_0)
FNDA:2,(anonymous_1)
FNDA:0,(anonymous_2)
FNDA:0,(anonymous_3)
FNDA:1,(anonymous_4)
FNDA:0,(anonymous_5)
FNDA:0,(anonymous_6)
FNDA:0,(anonymous_7)
DA:1,1
DA:2,1
DA:3,1
DA:4,1
DA:5,1
DA:13,1
DA:14,0
DA:22,1
DA:23,2
DA:24,2
DA:25,2
DA:27,2
DA:28,0
DA:31,2
DA:32,0
DA:35,2
DA:36,1
DA:37,0
DA:41,2
DA:42,0
DA:43,0
DA:44,0
DA:45,0
DA:46,0
DA:50,2
DA:51,0
DA:52,0
DA:53,0
DA:54,0
DA:57,0
DA:58,0
DA:60,0
DA:61,0
DA:62,0
DA:66,2
DA:67,0
DA:70,2
DA:84,2
DA:88,2
DA:96,2
DA:109,2
DA:122,2
DA:130,2
DA:149,2
DA:161,2
DA:210,1
LF:46
LH:27
BRDA:16,0,0,0
BRDA:16,0,1,0
BRDA:16,1,0,0
BRDA:16,1,1,0
BRDA:36,2,0,0
BRDA:36,3,0,1
BRDA:36,3,1,0
BRDA:42,4,0,0
BRDA:52,5,0,0
BRDA:52,5,1,0
BRDA:57,6,0,0
BRDA:105,7,0,0
BRDA:105,7,1,2
BRDA:117,8,0,0
BRDA:117,8,1,2
BRDA:132,9,0,0
BRDA:132,9,1,2
BRDA:157,10,0,0
BRDA:157,10,1,2
BRDA:170,11,0,2
BRDA:170,11,1,0
BRF:21
BRH:6
end_of_record
TN:
SF:src\pages\Dioda6Button.tsx
FN:13,(anonymous_0)
FN:22,(anonymous_1)
FN:27,(anonymous_2)
FN:31,(anonymous_3)
FN:35,(anonymous_4)
FN:41,(anonymous_5)
FN:50,(anonymous_6)
FN:66,(anonymous_7)
FNF:8
FNH:2
FNDA:0,(anonymous_0)
FNDA:2,(anonymous_1)
FNDA:0,(anonymous_2)
FNDA:0,(anonymous_3)
FNDA:1,(anonymous_4)
FNDA:0,(anonymous_5)
FNDA:0,(anonymous_6)
FNDA:0,(anonymous_7)
DA:1,1
DA:2,1
DA:3,1
DA:4,1
DA:5,1
DA:13,1
DA:14,0
DA:22,1
DA:23,2
DA:24,2
DA:25,2
DA:27,2
DA:28,0
DA:31,2
DA:32,0
DA:35,2
DA:36,1
DA:37,0
DA:41,2
DA:42,0
DA:43,0
DA:44,0
DA:45,0
DA:46,0
DA:50,2
DA:51,0
DA:52,0
DA:53,0
DA:54,0
DA:57,0
DA:58,0
DA:60,0
DA:61,0
DA:62,0
DA:66,2
DA:67,0
DA:70,2
DA:84,2
DA:88,2
DA:96,2
DA:109,2
DA:122,2
DA:130,2
DA:149,2
DA:161,2
DA:210,1
LF:46
LH:27
BRDA:16,0,0,0
BRDA:16,0,1,0
BRDA:16,1,0,0
BRDA:16,1,1,0
BRDA:36,2,0,0
BRDA:36,3,0,1
BRDA:36,3,1,0
BRDA:42,4,0,0
BRDA:52,5,0,0
BRDA:52,5,1,0
BRDA:57,6,0,0
BRDA:105,7,0,0
BRDA:105,7,1,2
BRDA:117,8,0,0
BRDA:117,8,1,2
BRDA:132,9,0,0
BRDA:132,9,1,2
BRDA:157,10,0,0
BRDA:157,10,1,2
BRDA:170,11,0,2
BRDA:170,11,1,0
BRF:21
BRH:6
end_of_record
TN:
SF:src\pages\Dioda7Button.tsx
FN:13,(anonymous_0)
FN:22,(anonymous_1)
FN:27,(anonymous_2)
FN:31,(anonymous_3)
FN:35,(anonymous_4)
FN:41,(anonymous_5)
FN:50,(anonymous_6)
FN:66,(anonymous_7)
FNF:8
FNH:2
FNDA:0,(anonymous_0)
FNDA:2,(anonymous_1)
FNDA:0,(anonymous_2)
FNDA:0,(anonymous_3)
FNDA:1,(anonymous_4)
FNDA:0,(anonymous_5)
FNDA:0,(anonymous_6)
FNDA:0,(anonymous_7)
DA:1,1
DA:2,1
DA:3,1
DA:4,1
DA:5,1
DA:13,1
DA:14,0
DA:22,1
DA:23,2
DA:24,2
DA:25,2
DA:27,2
DA:28,0
DA:31,2
DA:32,0
DA:35,2
DA:36,1
DA:37,0
DA:41,2
DA:42,0
DA:43,0
DA:44,0
DA:45,0
DA:46,0
DA:50,2
DA:51,0
DA:52,0
DA:53,0
DA:54,0
DA:57,0
DA:58,0
DA:60,0
DA:61,0
DA:62,0
DA:66,2
DA:67,0
DA:70,2
DA:84,2
DA:88,2
DA:96,2
DA:109,2
DA:122,2
DA:130,2
DA:149,2
DA:161,2
DA:210,1
LF:46
LH:27
BRDA:16,0,0,0
BRDA:16,0,1,0
BRDA:16,1,0,0
BRDA:16,1,1,0
BRDA:36,2,0,0
BRDA:36,3,0,1
BRDA:36,3,1,0
BRDA:42,4,0,0
BRDA:52,5,0,0
BRDA:52,5,1,0
BRDA:57,6,0,0
BRDA:105,7,0,0
BRDA:105,7,1,2
BRDA:117,8,0,0
BRDA:117,8,1,2
BRDA:132,9,0,0
BRDA:132,9,1,2
BRDA:157,10,0,0
BRDA:157,10,1,2
BRDA:170,11,0,2
BRDA:170,11,1,0
BRF:21
BRH:6
end_of_record
TN:
SF:src\pages\Dioda8Button.tsx
FN:13,(anonymous_0)
FN:22,(anonymous_1)
FN:27,(anonymous_2)
FN:31,(anonymous_3)
FN:35,(anonymous_4)
FN:41,(anonymous_5)
FN:50,(anonymous_6)
FN:66,(anonymous_7)
FNF:8
FNH:2
FNDA:0,(anonymous_0)
FNDA:2,(anonymous_1)
FNDA:0,(anonymous_2)
FNDA:0,(anonymous_3)
FNDA:1,(anonymous_4)
FNDA:0,(anonymous_5)
FNDA:0,(anonymous_6)
FNDA:0,(anonymous_7)
DA:1,1
DA:2,1
DA:3,1
DA:4,1
DA:5,1
DA:13,1
DA:14,0
DA:22,1
DA:23,2
DA:24,2
DA:25,2
DA:27,2
DA:28,0
DA:31,2
DA:32,0
DA:35,2
DA:36,1
DA:37,0
DA:41,2
DA:42,0
DA:43,0
DA:44,0
DA:45,0
DA:46,0
DA:50,2
DA:51,0
DA:52,0
DA:53,0
DA:54,0
DA:57,0
DA:58,0
DA:60,0
DA:61,0
DA:62,0
DA:66,2
DA:67,0
DA:70,2
DA:84,2
DA:88,2
DA:96,2
DA:109,2
DA:122,2
DA:130,2
DA:149,2
DA:161,2
DA:210,1
LF:46
LH:27
BRDA:16,0,0,0
BRDA:16,0,1,0
BRDA:16,1,0,0
BRDA:16,1,1,0
BRDA:36,2,0,0
BRDA:36,3,0,1
BRDA:36,3,1,0
BRDA:42,4,0,0
BRDA:52,5,0,0
BRDA:52,5,1,0
BRDA:57,6,0,0
BRDA:105,7,0,0
BRDA:105,7,1,2
BRDA:117,8,0,0
BRDA:117,8,1,2
BRDA:132,9,0,0
BRDA:132,9,1,2
BRDA:157,10,0,0
BRDA:157,10,1,2
BRDA:170,11,0,2
BRDA:170,11,1,0
BRF:21
BRH:6
end_of_record
TN:
SF:src\pages\Dioda9Button.tsx
FN:13,(anonymous_0)
FN:22,(anonymous_1)
FN:27,(anonymous_2)
FN:31,(anonymous_3)
FN:35,(anonymous_4)
FN:41,(anonymous_5)
FN:50,(anonymous_6)
FN:66,(anonymous_7)
FNF:8
FNH:2
FNDA:0,(anonymous_0)
FNDA:2,(anonymous_1)
FNDA:0,(anonymous_2)
FNDA:0,(anonymous_3)
FNDA:1,(anonymous_4)
FNDA:0,(anonymous_5)
FNDA:0,(anonymous_6)
FNDA:0,(anonymous_7)
DA:1,1
DA:2,1
DA:3,1
DA:4,1
DA:5,1
DA:13,1
DA:14,0
DA:22,1
DA:23,2
DA:24,2
DA:25,2
DA:27,2
DA:28,0
DA:31,2
DA:32,0
DA:35,2
DA:36,1
DA:37,0
DA:41,2
DA:42,0
DA:43,0
DA:44,0
DA:45,0
DA:46,0
DA:50,2
DA:51,0
DA:52,0
DA:53,0
DA:54,0
DA:57,0
DA:58,0
DA:60,0
DA:61,0
DA:62,0
DA:66,2
DA:67,0
DA:70,2
DA:84,2
DA:88,2
DA:96,2
DA:109,2
DA:122,2
DA:130,2
DA:149,2
DA:161,2
DA:210,1
LF:46
LH:27
BRDA:16,0,0,0
BRDA:16,0,1,0
BRDA:16,1,0,0
BRDA:16,1,1,0
BRDA:36,2,0,0
BRDA:36,3,0,1
BRDA:36,3,1,0
BRDA:42,4,0,0
BRDA:52,5,0,0
BRDA:52,5,1,0
BRDA:57,6,0,0
BRDA:105,7,0,0
BRDA:105,7,1,2
BRDA:117,8,0,0
BRDA:117,8,1,2
BRDA:132,9,0,0
BRDA:132,9,1,2
BRDA:157,10,0,0
BRDA:157,10,1,2
BRDA:170,11,0,2
BRDA:170,11,1,0
BRF:21
BRH:6
end_of_record
TN:
SF:src\pages\InfoPanel.tsx
FN:11,(anonymous_0)
FN:17,(anonymous_1)
FN:18,(anonymous_2)
FN:31,(anonymous_3)
FN:37,(anonymous_4)
FN:43,(anonymous_5)
FN:49,(anonymous_6)
FNF:7
FNH:3
FNDA:1,(anonymous_0)
FNDA:1,(anonymous_1)
FNDA:1,(anonymous_2)
FNDA:0,(anonymous_3)
FNDA:0,(anonymous_4)
FNDA:0,(anonymous_5)
FNDA:0,(anonymous_6)
DA:1,1
DA:2,1
DA:3,1
DA:4,1
DA:5,1
DA:11,1
DA:12,1
DA:13,1
DA:14,1
DA:15,1
DA:17,1
DA:18,1
DA:19,1
DA:20,1
DA:21,0
DA:22,0
DA:24,1
DA:28,1
DA:31,1
DA:32,0
DA:33,0
DA:34,0
DA:37,1
DA:38,0
DA:39,0
DA:40,0
DA:43,1
DA:44,0
DA:45,0
DA:46,0
DA:49,1
DA:50,0
DA:51,0
DA:52,0
DA:55,1
DA:91,1
LF:36
LH:22
BRDA:57,0,0,1
BRDA:57,0,1,0
BRDA:58,1,0,1
BRDA:58,1,1,0
BRDA:59,2,0,1
BRDA:59,2,1,0
BRDA:60,3,0,1
BRDA:60,3,1,1
BRDA:60,3,2,1
BRDA:60,3,3,1
BRF:10
BRH:7
end_of_record
TN:
SF:src\pages\PiecButton.tsx
FN:30,(anonymous_0)
FN:52,(anonymous_1)
FN:54,(anonymous_2)
FN:55,(anonymous_3)
FN:56,(anonymous_4)
FN:59,(anonymous_5)
FN:62,(anonymous_6)
FN:68,(anonymous_7)
FN:71,(anonymous_8)
FN:74,(anonymous_9)
FN:77,(anonymous_10)
FN:81,(anonymous_11)
FN:85,(anonymous_12)
FN:89,(anonymous_13)
FN:93,(anonymous_14)
FN:96,(anonymous_15)
FN:97,(anonymous_16)
FN:108,(anonymous_17)
FN:109,(anonymous_18)
FN:112,(anonymous_19)
FN:115,(anonymous_20)
FN:118,(anonymous_21)
FN:121,(anonymous_22)
FN:124,(anonymous_23)
FN:155,(anonymous_24)
FN:164,(anonymous_25)
FN:173,(anonymous_26)
FN:182,(anonymous_27)
FN:213,(anonymous_28)
FNF:29
FNH:7
FNDA:3,(anonymous_0)
FNDA:0,(anonymous_1)
FNDA:2,(anonymous_2)
FNDA:0,(anonymous_3)
FNDA:0,(anonymous_4)
FNDA:2,(anonymous_5)
FNDA:2,(anonymous_6)
FNDA:0,(anonymous_7)
FNDA:0,(anonymous_8)
FNDA:0,(anonymous_9)
FNDA:0,(anonymous_10)
FNDA:0,(anonymous_11)
FNDA:0,(anonymous_12)
FNDA:0,(anonymous_13)
FNDA:0,(anonymous_14)
FNDA:2,(anonymous_15)
FNDA:2,(anonymous_16)
FNDA:0,(anonymous_17)
FNDA:0,(anonymous_18)
FNDA:2,(anonymous_19)
FNDA:0,(anonymous_20)
FNDA:0,(anonymous_21)
FNDA:0,(anonymous_22)
FNDA:0,(anonymous_23)
FNDA:0,(anonymous_24)
FNDA:0,(anonymous_25)
FNDA:0,(anonymous_26)
FNDA:0,(anonymous_27)
FNDA:0,(anonymous_28)
DA:1,2
DA:2,2
DA:3,2
DA:5,2
DA:6,2
DA:7,2
DA:8,2
DA:9,2
DA:10,2
DA:11,2
DA:30,2
DA:31,3
DA:32,3
DA:33,3
DA:34,3
DA:35,3
DA:36,3
DA:37,3
DA:38,3
DA:39,3
DA:40,3
DA:41,3
DA:42,3
DA:43,3
DA:44,3
DA:45,3
DA:46,3
DA:47,3
DA:48,3
DA:50,3
DA:51,3
DA:52,3
DA:54,3
DA:55,2
DA:56,0
DA:59,2
DA:62,3
DA:63,2
DA:68,3
DA:69,0
DA:71,3
DA:72,0
DA:74,3
DA:75,0
DA:77,3
DA:78,0
DA:81,3
DA:82,0
DA:85,3
DA:86,0
DA:89,3
DA:90,0
DA:93,3
DA:94,0
DA:96,3
DA:97,2
DA:98,2
DA:99,2
DA:100,0
DA:101,0
DA:103,0
DA:107,2
DA:108,2
DA:109,0
DA:112,2
DA:115,3
DA:116,0
DA:118,3
DA:119,0
DA:121,3
DA:122,0
DA:124,3
DA:125,0
DA:128,3
DA:142,3
DA:150,3
DA:155,3
DA:157,0
DA:159,0
DA:161,0
DA:162,0
DA:164,3
DA:166,0
DA:168,0
DA:170,0
DA:171,0
DA:173,3
DA:175,0
DA:177,0
DA:179,0
DA:180,0
DA:182,3
DA:184,0
DA:186,0
DA:188,0
DA:189,0
DA:191,3
DA:214,0
DA:295,2
LF:99
LH:65
BRDA:200,0,0,3
BRDA:200,0,1,0
BRDA:229,1,0,0
BRDA:229,1,1,0
BRDA:238,2,0,0
BRDA:238,2,1,0
BRDA:246,3,0,0
BRDA:246,3,1,0
BRDA:254,4,0,0
BRDA:254,4,1,0
BRF:10
BRH:1
end_of_record
TN:
SF:src\pages\PompaButton.tsx
FN:13,(anonymous_0)
FN:22,(anonymous_1)
FN:27,(anonymous_2)
FN:31,(anonymous_3)
FN:35,(anonymous_4)
FN:41,(anonymous_5)
FN:50,(anonymous_6)
FN:66,(anonymous_7)
FNF:8
FNH:2
FNDA:0,(anonymous_0)
FNDA:2,(anonymous_1)
FNDA:0,(anonymous_2)
FNDA:0,(anonymous_3)
FNDA:1,(anonymous_4)
FNDA:0,(anonymous_5)
FNDA:0,(anonymous_6)
FNDA:0,(anonymous_7)
DA:1,1
DA:2,1
DA:3,1
DA:4,1
DA:5,1
DA:13,1
DA:14,0
DA:22,1
DA:23,2
DA:24,2
DA:25,2
DA:27,2
DA:28,0
DA:31,2
DA:32,0
DA:35,2
DA:36,1
DA:37,0
DA:41,2
DA:42,0
DA:43,0
DA:44,0
DA:45,0
DA:46,0
DA:50,2
DA:51,0
DA:52,0
DA:53,0
DA:54,0
DA:57,0
DA:58,0
DA:60,0
DA:61,0
DA:62,0
DA:66,2
DA:67,0
DA:70,2
DA:84,2
DA:88,2
DA:96,2
DA:109,2
DA:122,2
DA:130,2
DA:149,2
DA:161,2
DA:210,1
LF:46
LH:27
BRDA:16,0,0,0
BRDA:16,0,1,0
BRDA:16,1,0,0
BRDA:16,1,1,0
BRDA:36,2,0,0
BRDA:36,3,0,1
BRDA:36,3,1,0
BRDA:42,4,0,0
BRDA:52,5,0,0
BRDA:52,5,1,0
BRDA:57,6,0,0
BRDA:105,7,0,0
BRDA:105,7,1,2
BRDA:117,8,0,0
BRDA:117,8,1,2
BRDA:132,9,0,0
BRDA:132,9,1,2
BRDA:157,10,0,0
BRDA:157,10,1,2
BRDA:170,11,0,2
BRDA:170,11,1,0
BRF:21
BRH:6
end_of_record
TN:
SF:src\pages\PompaButton1.tsx
FN:13,(anonymous_0)
FN:22,(anonymous_1)
FN:27,(anonymous_2)
FN:31,(anonymous_3)
FN:35,(anonymous_4)
FN:41,(anonymous_5)
FN:50,(anonymous_6)
FN:66,(anonymous_7)
FNF:8
FNH:2
FNDA:0,(anonymous_0)
FNDA:2,(anonymous_1)
FNDA:0,(anonymous_2)
FNDA:0,(anonymous_3)
FNDA:1,(anonymous_4)
FNDA:0,(anonymous_5)
FNDA:0,(anonymous_6)
FNDA:0,(anonymous_7)
DA:1,1
DA:2,1
DA:3,1
DA:4,1
DA:5,1
DA:13,1
DA:14,0
DA:22,1
DA:23,2
DA:24,2
DA:25,2
DA:27,2
DA:28,0
DA:31,2
DA:32,0
DA:35,2
DA:36,1
DA:37,0
DA:41,2
DA:42,0
DA:43,0
DA:44,0
DA:45,0
DA:46,0
DA:50,2
DA:51,0
DA:52,0
DA:53,0
DA:54,0
DA:57,0
DA:58,0
DA:60,0
DA:61,0
DA:62,0
DA:66,2
DA:67,0
DA:70,2
DA:84,2
DA:88,2
DA:96,2
DA:109,2
DA:122,2
DA:130,2
DA:149,2
DA:161,2
DA:210,1
LF:46
LH:27
BRDA:16,0,0,0
BRDA:16,0,1,0
BRDA:16,1,0,0
BRDA:16,1,1,0
BRDA:36,2,0,0
BRDA:36,3,0,1
BRDA:36,3,1,0
BRDA:42,4,0,0
BRDA:52,5,0,0
BRDA:52,5,1,0
BRDA:57,6,0,0
BRDA:105,7,0,0
BRDA:105,7,1,2
BRDA:117,8,0,0
BRDA:117,8,1,2
BRDA:132,9,0,0
BRDA:132,9,1,2
BRDA:157,10,0,0
BRDA:157,10,1,2
BRDA:170,11,0,2
BRDA:170,11,1,0
BRF:21
BRH:6
end_of_record
TN:
SF:src\pages\SystemInfoPanel.tsx
FN:11,(anonymous_0)
FN:14,(anonymous_1)
FN:15,(anonymous_2)
FNF:3
FNH:3
FNDA:3,(anonymous_0)
FNDA:2,(anonymous_1)
FNDA:2,(anonymous_2)
DA:1,2
DA:4,2
DA:5,2
DA:11,2
DA:12,3
DA:14,3
DA:15,2
DA:16,2
DA:17,2
DA:18,1
DA:19,1
DA:21,1
DA:25,2
DA:28,3
DA:40,2
LF:15
LH:15
BRF:0
BRH:0
end_of_record
TN:
SF:src\pages\SystemPanel.tsx
FN:47,(anonymous_0)
FN:91,(anonymous_1)
FN:97,(anonymous_2)
FN:103,(anonymous_3)
FN:109,(anonymous_4)
FN:115,(anonymous_5)
FN:121,(anonymous_6)
FN:127,(anonymous_7)
FN:133,(anonymous_8)
FN:139,(anonymous_9)
FN:145,(anonymous_10)
FN:151,(anonymous_11)
FN:157,(anonymous_12)
FN:163,(anonymous_13)
FN:169,(anonymous_14)
FN:175,(anonymous_15)
FN:185,(anonymous_16)
FN:195,(anonymous_17)
FN:205,(anonymous_18)
FN:215,(anonymous_19)
FN:225,(anonymous_20)
FN:235,(anonymous_21)
FN:245,(anonymous_22)
FN:255,(anonymous_23)
FN:265,(anonymous_24)
FN:275,(anonymous_25)
FN:285,(anonymous_26)
FN:295,(anonymous_27)
FN:305,(anonymous_28)
FN:315,(anonymous_29)
FN:319,(anonymous_30)
FN:322,(anonymous_31)
FN:326,(anonymous_32)
FN:329,(anonymous_33)
FN:332,(anonymous_34)
FN:335,(anonymous_35)
FN:338,(anonymous_36)
FN:341,(anonymous_37)
FN:344,(anonymous_38)
FN:347,(anonymous_39)
FN:350,(anonymous_40)
FN:353,(anonymous_41)
FN:356,(anonymous_42)
FN:359,(anonymous_43)
FN:362,(anonymous_44)
FN:365,(anonymous_45)
FN:369,(anonymous_46)
FN:373,(anonymous_47)
FN:377,(anonymous_48)
FN:381,(anonymous_49)
FN:385,(anonymous_50)
FN:389,(anonymous_51)
FN:393,(anonymous_52)
FN:397,(anonymous_53)
FN:401,(anonymous_54)
FN:405,(anonymous_55)
FN:406,(anonymous_56)
FN:418,(anonymous_57)
FN:419,(anonymous_58)
FN:422,(anonymous_59)
FNF:60
FNH:28
FNDA:3,(anonymous_0)
FNDA:1,(anonymous_1)
FNDA:1,(anonymous_2)
FNDA:1,(anonymous_3)
FNDA:1,(anonymous_4)
FNDA:1,(anonymous_5)
FNDA:1,(anonymous_6)
FNDA:1,(anonymous_7)
FNDA:1,(anonymous_8)
FNDA:1,(anonymous_9)
FNDA:1,(anonymous_10)
FNDA:1,(anonymous_11)
FNDA:1,(anonymous_12)
FNDA:1,(anonymous_13)
FNDA:1,(anonymous_14)
FNDA:0,(anonymous_15)
FNDA:0,(anonymous_16)
FNDA:0,(anonymous_17)
FNDA:0,(anonymous_18)
FNDA:0,(anonymous_19)
FNDA:0,(anonymous_20)
FNDA:0,(anonymous_21)
FNDA:0,(anonymous_22)
FNDA:0,(anonymous_23)
FNDA:0,(anonymous_24)
FNDA:0,(anonymous_25)
FNDA:0,(anonymous_26)
FNDA:0,(anonymous_27)
FNDA:0,(anonymous_28)
FNDA:0,(anonymous_29)
FNDA:0,(anonymous_30)
FNDA:0,(anonymous_31)
FNDA:0,(anonymous_32)
FNDA:0,(anonymous_33)
FNDA:0,(anonymous_34)
FNDA:0,(anonymous_35)
FNDA:0,(anonymous_36)
FNDA:0,(anonymous_37)
FNDA:0,(anonymous_38)
FNDA:0,(anonymous_39)
FNDA:0,(anonymous_40)
FNDA:0,(anonymous_41)
FNDA:0,(anonymous_42)
FNDA:0,(anonymous_43)
FNDA:0,(anonymous_44)
FNDA:2,(anonymous_45)
FNDA:2,(anonymous_46)
FNDA:2,(anonymous_47)
FNDA:2,(anonymous_48)
FNDA:2,(anonymous_49)
FNDA:2,(anonymous_50)
FNDA:2,(anonymous_51)
FNDA:2,(anonymous_52)
FNDA:2,(anonymous_53)
FNDA:2,(anonymous_54)
FNDA:1,(anonymous_55)
FNDA:1,(anonymous_56)
FNDA:0,(anonymous_57)
FNDA:0,(anonymous_58)
FNDA:1,(anonymous_59)
DA:2,1
DA:3,1
DA:4,1
DA:5,1
DA:6,1
DA:7,1
DA:8,1
DA:9,1
DA:10,1
DA:11,1
DA:12,1
DA:13,1
DA:14,1
DA:15,1
DA:16,1
DA:17,1
DA:18,1
DA:19,1
DA:20,1
DA:21,1
DA:47,1
DA:48,3
DA:49,3
DA:51,3
DA:52,3
DA:53,3
DA:54,3
DA:55,3
DA:56,3
DA:57,3
DA:58,3
DA:59,3
DA:60,3
DA:62,3
DA:63,3
DA:64,3
DA:65,3
DA:66,3
DA:67,3
DA:68,3
DA:69,3
DA:70,3
DA:71,3
DA:72,3
DA:73,3
DA:74,3
DA:75,3
DA:76,3
DA:77,3
DA:78,3
DA:79,3
DA:80,3
DA:81,3
DA:82,3
DA:83,3
DA:84,3
DA:85,3
DA:86,3
DA:87,3
DA:88,3
DA:89,3
DA:90,3
DA:91,3
DA:93,1
DA:97,3
DA:99,1
DA:103,3
DA:105,1
DA:109,3
DA:111,1
DA:115,3
DA:117,1
DA:121,3
DA:123,1
DA:127,3
DA:129,1
DA:133,3
DA:135,1
DA:139,3
DA:141,1
DA:145,3
DA:147,1
DA:151,3
DA:153,1
DA:157,3
DA:159,1
DA:163,3
DA:165,1
DA:169,3
DA:171,1
DA:175,3
DA:177,0
DA:179,0
DA:181,0
DA:182,0
DA:185,3
DA:187,0
DA:189,0
DA:191,0
DA:192,0
DA:195,3
DA:197,0
DA:199,0
DA:201,0
DA:202,0
DA:205,3
DA:207,0
DA:209,0
DA:211,0
DA:212,0
DA:215,3
DA:217,0
DA:219,0
DA:221,0
DA:222,0
DA:225,3
DA:227,0
DA:229,0
DA:231,0
DA:232,0
DA:235,3
DA:237,0
DA:239,0
DA:241,0
DA:242,0
DA:245,3
DA:247,0
DA:249,0
DA:251,0
DA:252,0
DA:255,3
DA:257,0
DA:259,0
DA:261,0
DA:262,0
DA:265,3
DA:267,0
DA:269,0
DA:271,0
DA:272,0
DA:275,3
DA:277,0
DA:279,0
DA:281,0
DA:282,0
DA:285,3
DA:287,0
DA:289,0
DA:291,0
DA:292,0
DA:295,3
DA:297,0
DA:299,0
DA:301,0
DA:302,0
DA:305,3
DA:307,0
DA:309,0
DA:311,0
DA:312,0
DA:315,3
DA:316,0
DA:319,3
DA:320,0
DA:322,3
DA:323,0
DA:326,3
DA:327,0
DA:329,3
DA:330,0
DA:332,3
DA:333,0
DA:335,3
DA:336,0
DA:338,3
DA:339,0
DA:341,3
DA:342,0
DA:344,3
DA:345,0
DA:347,3
DA:348,0
DA:350,3
DA:351,0
DA:353,3
DA:354,0
DA:356,3
DA:357,0
DA:359,3
DA:360,0
DA:362,3
DA:363,0
DA:365,3
DA:366,2
DA:369,3
DA:370,2
DA:373,3
DA:374,2
DA:377,3
DA:378,2
DA:381,3
DA:382,2
DA:385,3
DA:386,2
DA:389,3
DA:390,2
DA:393,3
DA:394,2
DA:397,3
DA:398,2
DA:401,3
DA:402,2
DA:405,3
DA:406,1
DA:407,1
DA:408,1
DA:409,0
DA:410,0
DA:412,0
DA:416,1
DA:418,1
DA:419,0
DA:422,1
DA:426,3
DA:558,1
LF:225
LH:149
BRDA:444,0,0,3
BRDA:444,0,1,3
BRDA:453,1,0,3
BRDA:453,1,1,3
BRDA:489,2,0,3
BRDA:489,2,1,3
BRDA:507,3,0,3
BRDA:507,3,1,3
BRDA:516,4,0,3
BRDA:516,4,1,3
BRDA:525,5,0,3
BRDA:525,5,1,3
BRDA:539,6,0,0
BRDA:539,6,1,3
BRDA:541,7,0,0
BRDA:541,7,1,3
BRDA:549,8,0,0
BRDA:549,8,1,3
BRDA:551,9,0,0
BRDA:551,9,1,3
BRF:20
BRH:16
end_of_record
TN:
SF:src\pages\Telemetria.tsx
FN:25,(anonymous_0)
FN:33,(anonymous_1)
FN:34,(anonymous_2)
FN:37,(anonymous_3)
FN:38,(anonymous_4)
FN:41,(anonymous_5)
FN:42,(anonymous_6)
FN:45,(anonymous_7)
FN:46,(anonymous_8)
FN:49,(anonymous_9)
FN:50,(anonymous_10)
FN:61,(anonymous_11)
FN:62,(anonymous_12)
FN:65,(anonymous_13)
FNF:14
FNH:4
FNDA:2,(anonymous_0)
FNDA:0,(anonymous_1)
FNDA:0,(anonymous_2)
FNDA:0,(anonymous_3)
FNDA:0,(anonymous_4)
FNDA:0,(anonymous_5)
FNDA:0,(anonymous_6)
FNDA:0,(anonymous_7)
FNDA:0,(anonymous_8)
FNDA:2,(anonymous_9)
FNDA:2,(anonymous_10)
FNDA:0,(anonymous_11)
FNDA:0,(anonymous_12)
FNDA:2,(anonymous_13)
DA:1,1
DA:2,1
DA:3,1
DA:4,1
DA:25,1
DA:26,2
DA:27,2
DA:28,2
DA:29,2
DA:30,2
DA:31,2
DA:33,2
DA:34,0
DA:37,2
DA:38,0
DA:41,2
DA:42,0
DA:45,2
DA:46,0
DA:49,2
DA:50,2
DA:51,2
DA:52,2
DA:53,0
DA:55,0
DA:59,2
DA:61,2
DA:62,0
DA:65,2
DA:68,2
DA:196,1
LF:31
LH:24
BRDA:69,0,0,2
BRDA:69,0,1,0
BRDA:69,1,0,2
BRDA:69,1,1,0
BRDA:69,2,0,2
BRDA:69,2,1,0
BRDA:69,3,0,2
BRDA:69,3,1,0
BRDA:76,4,0,2
BRDA:76,4,1,0
BRDA:77,5,0,2
BRDA:77,5,1,0
BRDA:83,6,0,2
BRDA:83,6,1,0
BRDA:84,7,0,2
BRDA:84,7,1,0
BRDA:90,8,0,2
BRDA:90,8,1,0
BRDA:91,9,0,2
BRDA:91,9,1,0
BRDA:97,10,0,2
BRDA:97,10,1,0
BRDA:98,11,0,2
BRDA:98,11,1,0
BRDA:101,12,0,2
BRDA:101,12,1,0
BRF:26
BRH:13
end_of_record
TN:
SF:src\pages\TelemetriaInfoPanel.tsx
FN:10,(anonymous_0)
FN:13,(anonymous_1)
FN:14,(anonymous_2)
FNF:3
FNH:3
FNDA:3,(anonymous_0)
FNDA:2,(anonymous_1)
FNDA:2,(anonymous_2)
DA:1,2
DA:4,2
DA:10,2
DA:11,3
DA:13,3
DA:14,2
DA:15,2
DA:16,2
DA:17,1
DA:18,1
DA:20,1
DA:24,2
DA:27,3
DA:39,2
LF:14
LH:14
BRF:0
BRH:0
end_of_record
TN:
SF:src\pages\UserPanel.tsx
FN:17,(anonymous_0)
FN:35,(anonymous_1)
FN:36,(anonymous_2)
FN:48,(anonymous_3)
FN:53,(anonymous_4)
FN:66,(anonymous_5)
FN:98,(anonymous_6)
FN:104,(anonymous_7)
FN:106,(anonymous_8)
FN:112,(anonymous_9)
FN:113,(anonymous_10)
FN:136,(anonymous_11)
FN:155,(anonymous_12)
FN:172,(anonymous_13)
FN:184,(anonymous_14)
FN:195,(anonymous_15)
FN:206,(anonymous_16)
FN:217,(anonymous_17)
FN:225,(anonymous_18)
FN:235,(anonymous_19)
FN:242,(anonymous_20)
FN:264,(anonymous_21)
FN:272,(anonymous_22)
FNF:23
FNH:7
FNDA:9,(anonymous_0)
FNDA:2,(anonymous_1)
FNDA:2,(anonymous_2)
FNDA:0,(anonymous_3)
FNDA:1,(anonymous_4)
FNDA:0,(anonymous_5)
FNDA:0,(anonymous_6)
FNDA:0,(anonymous_7)
FNDA:0,(anonymous_8)
FNDA:1,(anonymous_9)
FNDA:1,(anonymous_10)
FNDA:2,(anonymous_11)
FNDA:0,(anonymous_12)
FNDA:0,(anonymous_13)
FNDA:0,(anonymous_14)
FNDA:0,(anonymous_15)
FNDA:0,(anonymous_16)
FNDA:0,(anonymous_17)
FNDA:0,(anonymous_18)
FNDA:0,(anonymous_19)
FNDA:0,(anonymous_20)
FNDA:0,(anonymous_21)
FNDA:0,(anonymous_22)
DA:1,1
DA:2,1
DA:3,1
DA:4,1
DA:5,1
DA:6,1
DA:17,1
DA:18,9
DA:19,8
DA:20,8
DA:21,8
DA:22,8
DA:23,8
DA:24,8
DA:25,8
DA:26,8
DA:35,8
DA:36,2
DA:37,2
DA:38,2
DA:39,2
DA:41,0
DA:45,2
DA:48,8
DA:49,0
DA:50,0
DA:53,8
DA:54,1
DA:55,1
DA:62,1
DA:63,1
DA:66,0
DA:67,0
DA:68,0
DA:69,0
DA:70,0
DA:73,0
DA:75,0
DA:81,0
DA:83,0
DA:91,0
DA:92,0
DA:94,0
DA:96,1
DA:98,1
DA:99,0
DA:104,8
DA:105,0
DA:106,0
DA:107,0
DA:108,0
DA:112,8
DA:113,1
DA:114,1
DA:115,1
DA:116,1
DA:118,0
DA:122,1
DA:125,8
DA:136,2
DA:156,0
DA:172,0
DA:185,0
DA:196,0
DA:207,0
DA:218,0
DA:225,0
DA:236,0
DA:238,0
DA:242,0
DA:264,0
DA:272,0
DA:282,1
LF:73
LH:40
BRDA:55,0,0,1
BRDA:56,1,0,1
BRDA:56,1,1,0
BRDA:56,1,2,0
BRDA:56,1,3,0
BRDA:56,1,4,0
BRDA:67,2,0,0
BRDA:77,3,0,0
BRDA:77,3,1,0
BRDA:105,4,0,0
BRDA:128,5,0,0
BRDA:128,5,1,8
BRDA:214,6,0,0
BRDA:214,6,1,8
BRDA:252,7,0,8
BRDA:252,7,1,2
BRDA:257,8,0,8
BRDA:257,8,1,0
BRF:18
BRH:7
end_of_record
TN:
SF:src\pages\UserRow.tsx
FN:20,(anonymous_0)
FN:40,(anonymous_1)
FN:44,(anonymous_2)
FN:50,(anonymous_3)
FN:62,(anonymous_4)
FN:66,(anonymous_5)
FN:69,(anonymous_6)
FN:79,(anonymous_7)
FN:86,(anonymous_8)
FN:94,(anonymous_9)
FN:98,(anonymous_10)
FN:103,(anonymous_11)
FN:121,(anonymous_12)
FN:136,(anonymous_13)
FN:140,(anonymous_14)
FN:176,(anonymous_15)
FN:270,(anonymous_16)
FN:304,(anonymous_17)
FN:324,(anonymous_18)
FN:335,onDeleteUser
FNF:20
FNH:5
FNDA:11,(anonymous_0)
FNDA:4,(anonymous_1)
FNDA:0,(anonymous_2)
FNDA:1,(anonymous_3)
FNDA:0,(anonymous_4)
FNDA:0,(anonymous_5)
FNDA:0,(anonymous_6)
FNDA:0,(anonymous_7)
FNDA:0,(anonymous_8)
FNDA:0,(anonymous_9)
FNDA:2,(anonymous_10)
FNDA:0,(anonymous_11)
FNDA:0,(anonymous_12)
FNDA:1,(anonymous_13)
FNDA:0,(anonymous_14)
FNDA:0,(anonymous_15)
FNDA:0,(anonymous_16)
FNDA:0,(anonymous_17)
FNDA:0,(anonymous_18)
FNDA:0,onDeleteUser
DA:1,2
DA:2,2
DA:3,2
DA:20,2
DA:21,11
DA:22,11
DA:23,11
DA:24,11
DA:25,11
DA:26,11
DA:27,11
DA:28,11
DA:29,11
DA:30,11
DA:31,11
DA:32,11
DA:39,11
DA:40,11
DA:41,4
DA:44,11
DA:45,0
DA:48,11
DA:50,11
DA:51,1
DA:52,1
DA:59,1
DA:62,11
DA:63,0
DA:66,11
DA:67,0
DA:68,0
DA:69,0
DA:73,0
DA:74,0
DA:75,0
DA:76,0
DA:77,0
DA:79,0
DA:86,11
DA:88,0
DA:89,0
DA:90,0
DA:91,0
DA:94,11
DA:95,0
DA:98,11
DA:99,2
DA:100,2
DA:103,11
DA:104,0
DA:105,0
DA:106,0
DA:107,0
DA:108,0
DA:111,0
DA:117,0
DA:118,0
DA:119,0
DA:120,0
DA:121,0
DA:122,0
DA:123,0
DA:124,0
DA:129,0
DA:136,11
DA:137,1
DA:140,11
DA:141,0
DA:142,0
DA:143,0
DA:144,0
DA:145,0
DA:146,0
DA:149,0
DA:150,0
DA:151,0
DA:152,0
DA:155,0
DA:161,0
DA:170,0
DA:172,0
DA:173,0
DA:174,0
DA:176,0
DA:177,0
DA:178,0
DA:182,0
DA:185,0
DA:190,11
DA:270,0
DA:304,0
DA:324,0
DA:334,2
DA:336,0
LF:94
LH:38
BRDA:48,0,0,8
BRDA:48,0,1,3
BRDA:68,1,0,0
BRDA:68,1,1,0
BRDA:74,2,0,0
BRDA:74,2,1,0
BRDA:106,3,0,0
BRDA:142,4,0,0
BRDA:150,5,0,0
BRDA:258,6,0,0
BRDA:258,6,1,11
BRDA:267,7,0,0
BRDA:267,7,1,11
BRDA:272,8,0,11
BRDA:272,8,1,0
BRF:15
BRH:5
end_of_record
TN:
SF:src\pages\UżytkownicyInfoPanel.tsx
FN:10,(anonymous_0)
FN:13,(anonymous_1)
FN:14,(anonymous_2)
FNF:3
FNH:3
FNDA:3,(anonymous_0)
FNDA:2,(anonymous_1)
FNDA:2,(anonymous_2)
DA:2,2
DA:3,2
DA:4,2
DA:10,2
DA:11,3
DA:13,3
DA:14,2
DA:15,2
DA:16,2
DA:17,1
DA:18,1
DA:20,1
DA:24,2
DA:27,3
DA:39,2
LF:15
LH:15
BRF:0
BRH:0
end_of_record
TN:
SF:src\pages\getAlarmColor.tsx
FN:10,(anonymous_0)
FN:122,(anonymous_1)
FN:125,(anonymous_2)
FN:126,(anonymous_3)
FN:127,(anonymous_4)
FN:130,(anonymous_5)
FN:135,(anonymous_6)
FNF:7
FNH:5
FNDA:20,(anonymous_0)
FNDA:20,(anonymous_1)
FNDA:10,(anonymous_2)
FNDA:0,(anonymous_3)
FNDA:0,(anonymous_4)
FNDA:10,(anonymous_5)
FNDA:20,(anonymous_6)
DA:1,2
DA:10,2
DA:11,20
DA:13,12
DA:16,0
DA:17,0
DA:18,0
DA:19,0
DA:20,0
DA:23,0
DA:24,0
DA:25,0
DA:26,0
DA:27,0
DA:30,0
DA:31,0
DA:32,0
DA:35,0
DA:36,0
DA:37,0
DA:40,0
DA:41,0
DA:42,0
DA:45,0
DA:46,0
DA:47,0
DA:48,0
DA:49,0
DA:52,2
DA:53,0
DA:54,0
DA:55,0
DA:56,0
DA:59,2
DA:60,2
DA:61,0
DA:64,0
DA:65,0
DA:66,0
DA:67,0
DA:68,0
DA:71,0
DA:72,0
DA:73,0
DA:74,0
DA:75,0
DA:78,0
DA:79,0
DA:80,0
DA:81,0
DA:82,0
DA:85,2
DA:86,2
DA:87,0
DA:90,0
DA:91,0
DA:92,0
DA:93,0
DA:94,0
DA:97,2
DA:98,2
DA:99,0
DA:102,2
DA:103,0
DA:104,0
DA:105,0
DA:106,0
DA:109,2
DA:110,0
DA:111,0
DA:112,0
DA:113,0
DA:116,0
DA:119,0
DA:122,2
DA:123,20
DA:125,20
DA:126,10
DA:127,0
DA:130,10
DA:133,20
DA:135,20
DA:136,20
DA:139,20
DA:164,2
LF:85
LH:23
BRDA:11,0,0,8
BRDA:13,1,0,0
BRDA:13,1,1,0
BRDA:13,1,2,0
BRDA:13,1,3,0
BRDA:13,1,4,0
BRDA:13,1,5,0
BRDA:13,1,6,2
BRDA:13,1,7,2
BRDA:13,1,8,0
BRDA:13,1,9,0
BRDA:13,1,10,0
BRDA:13,1,11,2
BRDA:13,1,12,0
BRDA:13,1,13,2
BRDA:13,1,14,2
BRDA:13,1,15,2
BRDA:13,1,16,0
BRDA:16,2,0,0
BRDA:17,3,0,0
BRDA:18,4,0,0
BRDA:19,5,0,0
BRDA:23,6,0,0
BRDA:24,7,0,0
BRDA:25,8,0,0
BRDA:26,9,0,0
BRDA:30,10,0,0
BRDA:31,11,0,0
BRDA:35,12,0,0
BRDA:36,13,0,0
BRDA:40,14,0,0
BRDA:41,15,0,0
BRDA:45,16,0,0
BRDA:46,17,0,0
BRDA:47,18,0,0
BRDA:48,19,0,0
BRDA:52,20,0,2
BRDA:53,21,0,0
BRDA:54,22,0,0
BRDA:55,23,0,0
BRDA:59,24,0,0
BRDA:60,25,0,2
BRDA:64,26,0,0
BRDA:65,27,0,0
BRDA:66,28,0,0
BRDA:67,29,0,0
BRDA:71,30,0,0
BRDA:72,31,0,0
BRDA:73,32,0,0
BRDA:74,33,0,0
BRDA:78,34,0,0
BRDA:79,35,0,0
BRDA:80,36,0,0
BRDA:81,37,0,0
BRDA:85,38,0,0
BRDA:86,39,0,2
BRDA:90,40,0,0
BRDA:91,41,0,0
BRDA:92,42,0,0
BRDA:93,43,0,0
BRDA:97,44,0,0
BRDA:98,45,0,2
BRDA:102,46,0,2
BRDA:103,47,0,0
BRDA:104,48,0,0
BRDA:105,49,0,0
BRDA:109,50,0,2
BRDA:110,51,0,0
BRDA:111,52,0,0
BRDA:112,53,0,0
BRDA:133,54,0,0
BRDA:133,54,1,20
BRDA:133,55,0,20
BRDA:133,55,1,0
BRDA:143,56,0,20
BRDA:143,56,1,0
BRDA:144,57,0,20
BRDA:144,57,1,0
BRDA:145,58,0,20
BRDA:145,58,1,0
BRDA:146,59,0,20
BRDA:146,59,1,0
BRDA:147,60,0,20
BRDA:147,60,1,0
BRDA:148,61,0,20
BRDA:148,61,1,0
BRDA:149,62,0,20
BRDA:149,62,1,2
BRDA:150,63,0,20
BRDA:150,63,1,2
BRDA:151,64,0,20
BRDA:151,64,1,2
BRDA:152,65,0,20
BRDA:152,65,1,2
BRDA:153,66,0,20
BRDA:153,66,1,2
BRDA:154,67,0,20
BRDA:154,67,1,2
BRDA:155,68,0,20
BRDA:155,68,1,2
BRDA:156,69,0,20
BRDA:156,69,1,2
BRDA:157,70,0,20
BRDA:157,70,1,2
BRDA:158,71,0,20
BRDA:158,71,1,2
BRF:106
BRH:41
end_of_record
